<?xml version="1.0" encoding="UTF-8"?>
<!-- Generated by org.testng.reporters.JUnitXMLReporter -->
<testsuite ignored="0" hostname="LAPTOP-Q1P4S741" failures="1" tests="1" name="Default test" time="4.332" errors="0" timestamp="2021-11-09T19:25:43 CET">
  <testcase classname="io.cucumber.testng.AbstractTestNGCucumberTests" name="runScenario" time="3.987">
    <failure type="java.lang.NullPointerException" message="Cannot invoke &amp;quot;org.openqa.selenium.support.ui.WebDriverWait.until(java.util.function.Function)&amp;quot; because &amp;quot;com.bdd.variables.GlobalVariables.gwait&amp;quot; is null">
      <![CDATA[java.lang.NullPointerException: Cannot invoke "org.openqa.selenium.support.ui.WebDriverWait.until(java.util.function.Function)" because "com.bdd.variables.GlobalVariables.gwait" is null
at com.bdd.utils.ReusableFunctionalities.GetText(ReusableFunctionalities.java:25)
at com.bdd.steps.HomePageSteps.product_description_appears_on_the_page(HomePageSteps.java:28)
at ✽.Product description appears on the page(file:///C:/Users/Marian/Desktop/automatyzacja/java/project/TestCucumberJavaFarmMarket/src/test/resources/features/HomePage.feature:9)
]]>
    </failure>
  </testcase> <!-- runScenario -->
</testsuite> <!-- Default test -->
