-------------------------------------------------------------------------------
Test set: com.bdd.runner.TestRunner
-------------------------------------------------------------------------------
Tests run: 45, Failures: 37, Errors: 0, Skipped: 0, Time elapsed: 16.571 s <<< FAILURE! - in com.bdd.runner.TestRunner
runScenario(com.bdd.runner.TestRunner)  Time elapsed: 0.213 s  <<< FAILURE!
io.cucumber.testng.UndefinedStepException: 
The step 'User navigates to the application' and 3 other step(s) are undefined.
You can implement these steps using the snippet(s) below:

@Given("User navigates to the application")
public void user_navigates_to_the_application() {
    // Write code here that turns the phrase above into concrete actions
    throw new io.cucumber.java.PendingException();
}
@When("User clicks on the {string}")
public void user_clicks_on_the(String string) {
    // Write code here that turns the phrase above into concrete actions
    throw new io.cucumber.java.PendingException();
}
@Then("User is send to {string} page")
public void user_is_send_to_page(String string) {
    // Write code here that turns the phrase above into concrete actions
    throw new io.cucumber.java.PendingException();
}
@Then("Checks if there is sign in and sign up dropdown tab")
public void checks_if_there_is_sign_in_and_sign_up_dropdown_tab() {
    // Write code here that turns the phrase above into concrete actions
    throw new io.cucumber.java.PendingException();
}


runScenario(com.bdd.runner.TestRunner)  Time elapsed: 0.049 s  <<< FAILURE!
io.cucumber.testng.UndefinedStepException: 
The step 'User navigates to the application' and 3 other step(s) are undefined.
You can implement these steps using the snippet(s) below:

@Given("User navigates to the application")
public void user_navigates_to_the_application() {
    // Write code here that turns the phrase above into concrete actions
    throw new io.cucumber.java.PendingException();
}
@When("User clicks on the {string}")
public void user_clicks_on_the(String string) {
    // Write code here that turns the phrase above into concrete actions
    throw new io.cucumber.java.PendingException();
}
@Then("User is send to {string} page")
public void user_is_send_to_page(String string) {
    // Write code here that turns the phrase above into concrete actions
    throw new io.cucumber.java.PendingException();
}
@Then("Checks if there is sign in and sign up dropdown tab")
public void checks_if_there_is_sign_in_and_sign_up_dropdown_tab() {
    // Write code here that turns the phrase above into concrete actions
    throw new io.cucumber.java.PendingException();
}


runScenario(com.bdd.runner.TestRunner)  Time elapsed: 0.08 s  <<< FAILURE!
io.cucumber.testng.UndefinedStepException: 
The step 'User navigates to the application' and 3 other step(s) are undefined.
You can implement these steps using the snippet(s) below:

@Given("User navigates to the application")
public void user_navigates_to_the_application() {
    // Write code here that turns the phrase above into concrete actions
    throw new io.cucumber.java.PendingException();
}
@When("User clicks on the {string}")
public void user_clicks_on_the(String string) {
    // Write code here that turns the phrase above into concrete actions
    throw new io.cucumber.java.PendingException();
}
@Then("User is send to {string} page")
public void user_is_send_to_page(String string) {
    // Write code here that turns the phrase above into concrete actions
    throw new io.cucumber.java.PendingException();
}
@Then("Checks if there is sign in and sign up dropdown tab")
public void checks_if_there_is_sign_in_and_sign_up_dropdown_tab() {
    // Write code here that turns the phrase above into concrete actions
    throw new io.cucumber.java.PendingException();
}


runScenario(com.bdd.runner.TestRunner)  Time elapsed: 0.025 s  <<< FAILURE!
io.cucumber.testng.UndefinedStepException: 
The step 'User navigates to the application' and 3 other step(s) are undefined.
You can implement these steps using the snippet(s) below:

@Given("User navigates to the application")
public void user_navigates_to_the_application() {
    // Write code here that turns the phrase above into concrete actions
    throw new io.cucumber.java.PendingException();
}
@When("User clicks on the {string}")
public void user_clicks_on_the(String string) {
    // Write code here that turns the phrase above into concrete actions
    throw new io.cucumber.java.PendingException();
}
@Then("User is send to {string} page")
public void user_is_send_to_page(String string) {
    // Write code here that turns the phrase above into concrete actions
    throw new io.cucumber.java.PendingException();
}
@Then("Checks if there is sign in and sign up dropdown tab")
public void checks_if_there_is_sign_in_and_sign_up_dropdown_tab() {
    // Write code here that turns the phrase above into concrete actions
    throw new io.cucumber.java.PendingException();
}


runScenario(com.bdd.runner.TestRunner)  Time elapsed: 0.047 s  <<< FAILURE!
io.cucumber.testng.UndefinedStepException: 
The step 'User navigates to the application' and 3 other step(s) are undefined.
You can implement these steps using the snippet(s) below:

@Given("User navigates to the application")
public void user_navigates_to_the_application() {
    // Write code here that turns the phrase above into concrete actions
    throw new io.cucumber.java.PendingException();
}
@When("User clicks on the {string}")
public void user_clicks_on_the(String string) {
    // Write code here that turns the phrase above into concrete actions
    throw new io.cucumber.java.PendingException();
}
@Then("User is send to {string} page")
public void user_is_send_to_page(String string) {
    // Write code here that turns the phrase above into concrete actions
    throw new io.cucumber.java.PendingException();
}
@Then("Checks if there is sign in and sign up dropdown tab")
public void checks_if_there_is_sign_in_and_sign_up_dropdown_tab() {
    // Write code here that turns the phrase above into concrete actions
    throw new io.cucumber.java.PendingException();
}


runScenario(com.bdd.runner.TestRunner)  Time elapsed: 0.079 s  <<< FAILURE!
io.cucumber.testng.UndefinedStepException: 
The step 'User navigates to the application' and 3 other step(s) are undefined.
You can implement these steps using the snippet(s) below:

@Given("User navigates to the application")
public void user_navigates_to_the_application() {
    // Write code here that turns the phrase above into concrete actions
    throw new io.cucumber.java.PendingException();
}
@When("User clicks on the {string}")
public void user_clicks_on_the(String string) {
    // Write code here that turns the phrase above into concrete actions
    throw new io.cucumber.java.PendingException();
}
@Then("User is send to {string} page")
public void user_is_send_to_page(String string) {
    // Write code here that turns the phrase above into concrete actions
    throw new io.cucumber.java.PendingException();
}
@Then("Checks if there is sign in and sign up dropdown tab")
public void checks_if_there_is_sign_in_and_sign_up_dropdown_tab() {
    // Write code here that turns the phrase above into concrete actions
    throw new io.cucumber.java.PendingException();
}


runScenario(com.bdd.runner.TestRunner)  Time elapsed: 0.031 s  <<< FAILURE!
io.cucumber.testng.UndefinedStepException: 
The step 'User navigates to the application' and 3 other step(s) are undefined.
You can implement these steps using the snippet(s) below:

@Given("User navigates to the application")
public void user_navigates_to_the_application() {
    // Write code here that turns the phrase above into concrete actions
    throw new io.cucumber.java.PendingException();
}
@When("User clicks on the {string}")
public void user_clicks_on_the(String string) {
    // Write code here that turns the phrase above into concrete actions
    throw new io.cucumber.java.PendingException();
}
@Then("User is send to {string} page")
public void user_is_send_to_page(String string) {
    // Write code here that turns the phrase above into concrete actions
    throw new io.cucumber.java.PendingException();
}
@Then("Checks if there is sign in and sign up dropdown tab")
public void checks_if_there_is_sign_in_and_sign_up_dropdown_tab() {
    // Write code here that turns the phrase above into concrete actions
    throw new io.cucumber.java.PendingException();
}


runScenario(com.bdd.runner.TestRunner)  Time elapsed: 0.029 s  <<< FAILURE!
io.cucumber.testng.UndefinedStepException: 
The step 'User navigates to the application' and 3 other step(s) are undefined.
You can implement these steps using the snippet(s) below:

@Given("User navigates to the application")
public void user_navigates_to_the_application() {
    // Write code here that turns the phrase above into concrete actions
    throw new io.cucumber.java.PendingException();
}
@When("User clicks on the {string}")
public void user_clicks_on_the(String string) {
    // Write code here that turns the phrase above into concrete actions
    throw new io.cucumber.java.PendingException();
}
@Then("User is send to {string} page")
public void user_is_send_to_page(String string) {
    // Write code here that turns the phrase above into concrete actions
    throw new io.cucumber.java.PendingException();
}
@Then("Checks if there is sign in and sign up dropdown tab")
public void checks_if_there_is_sign_in_and_sign_up_dropdown_tab() {
    // Write code here that turns the phrase above into concrete actions
    throw new io.cucumber.java.PendingException();
}


runScenario(com.bdd.runner.TestRunner)  Time elapsed: 0.158 s  <<< FAILURE!
io.cucumber.testng.UndefinedStepException: 
The step 'User navigates to the application' and 3 other step(s) are undefined.
You can implement these steps using the snippet(s) below:

@Given("User navigates to the application")
public void user_navigates_to_the_application() {
    // Write code here that turns the phrase above into concrete actions
    throw new io.cucumber.java.PendingException();
}
@When("User clicks on the {string}")
public void user_clicks_on_the(String string) {
    // Write code here that turns the phrase above into concrete actions
    throw new io.cucumber.java.PendingException();
}
@Then("User is send to {string} page")
public void user_is_send_to_page(String string) {
    // Write code here that turns the phrase above into concrete actions
    throw new io.cucumber.java.PendingException();
}
@Then("Clicks on log out button")
public void clicks_on_log_out_button() {
    // Write code here that turns the phrase above into concrete actions
    throw new io.cucumber.java.PendingException();
}


runScenario(com.bdd.runner.TestRunner)  Time elapsed: 0.015 s  <<< FAILURE!
io.cucumber.testng.UndefinedStepException: 
The step 'User navigates to the application' and 2 other step(s) are undefined.
You can implement these steps using the snippet(s) below:

@Given("User navigates to the application")
public void user_navigates_to_the_application() {
    // Write code here that turns the phrase above into concrete actions
    throw new io.cucumber.java.PendingException();
}
@Then("Clicks on log out button")
public void clicks_on_log_out_button() {
    // Write code here that turns the phrase above into concrete actions
    throw new io.cucumber.java.PendingException();
}
@Then("Checks if there is sign in and sign up dropdown tab")
public void checks_if_there_is_sign_in_and_sign_up_dropdown_tab() {
    // Write code here that turns the phrase above into concrete actions
    throw new io.cucumber.java.PendingException();
}


runScenario(com.bdd.runner.TestRunner)  Time elapsed: 0.018 s  <<< FAILURE!
io.cucumber.testng.UndefinedStepException: 
The step 'User navigates to the application' and 2 other step(s) are undefined.
You can implement these steps using the snippet(s) below:

@Given("User navigates to the application")
public void user_navigates_to_the_application() {
    // Write code here that turns the phrase above into concrete actions
    throw new io.cucumber.java.PendingException();
}
@Then("Clicks on log out button")
public void clicks_on_log_out_button() {
    // Write code here that turns the phrase above into concrete actions
    throw new io.cucumber.java.PendingException();
}
@Then("Checks if there is sign in and sign up dropdown tab")
public void checks_if_there_is_sign_in_and_sign_up_dropdown_tab() {
    // Write code here that turns the phrase above into concrete actions
    throw new io.cucumber.java.PendingException();
}


runScenario(com.bdd.runner.TestRunner)  Time elapsed: 0.019 s  <<< FAILURE!
io.cucumber.testng.UndefinedStepException: 
The step 'User navigates to the application' and 2 other step(s) are undefined.
You can implement these steps using the snippet(s) below:

@Given("User navigates to the application")
public void user_navigates_to_the_application() {
    // Write code here that turns the phrase above into concrete actions
    throw new io.cucumber.java.PendingException();
}
@Then("Clicks on log out button")
public void clicks_on_log_out_button() {
    // Write code here that turns the phrase above into concrete actions
    throw new io.cucumber.java.PendingException();
}
@Then("Checks if there is sign in and sign up dropdown tab")
public void checks_if_there_is_sign_in_and_sign_up_dropdown_tab() {
    // Write code here that turns the phrase above into concrete actions
    throw new io.cucumber.java.PendingException();
}


runScenario(com.bdd.runner.TestRunner)  Time elapsed: 0.009 s  <<< FAILURE!
io.cucumber.testng.UndefinedStepException: 
The step 'User navigates to the application' and 2 other step(s) are undefined.
You can implement these steps using the snippet(s) below:

@Given("User navigates to the application")
public void user_navigates_to_the_application() {
    // Write code here that turns the phrase above into concrete actions
    throw new io.cucumber.java.PendingException();
}
@Then("Clicks on log out button")
public void clicks_on_log_out_button() {
    // Write code here that turns the phrase above into concrete actions
    throw new io.cucumber.java.PendingException();
}
@Then("Checks if there is sign in and sign up dropdown tab")
public void checks_if_there_is_sign_in_and_sign_up_dropdown_tab() {
    // Write code here that turns the phrase above into concrete actions
    throw new io.cucumber.java.PendingException();
}


runScenario(com.bdd.runner.TestRunner)  Time elapsed: 0.008 s  <<< FAILURE!
io.cucumber.testng.UndefinedStepException: 
The step 'User navigates to the application' and 2 other step(s) are undefined.
You can implement these steps using the snippet(s) below:

@Given("User navigates to the application")
public void user_navigates_to_the_application() {
    // Write code here that turns the phrase above into concrete actions
    throw new io.cucumber.java.PendingException();
}
@Then("Clicks on log out button")
public void clicks_on_log_out_button() {
    // Write code here that turns the phrase above into concrete actions
    throw new io.cucumber.java.PendingException();
}
@Then("Checks if there is sign in and sign up dropdown tab")
public void checks_if_there_is_sign_in_and_sign_up_dropdown_tab() {
    // Write code here that turns the phrase above into concrete actions
    throw new io.cucumber.java.PendingException();
}


runScenario(com.bdd.runner.TestRunner)  Time elapsed: 0.024 s  <<< FAILURE!
io.cucumber.testng.UndefinedStepException: 
The step 'User navigates to the application' and 2 other step(s) are undefined.
You can implement these steps using the snippet(s) below:

@Given("User navigates to the application")
public void user_navigates_to_the_application() {
    // Write code here that turns the phrase above into concrete actions
    throw new io.cucumber.java.PendingException();
}
@Then("Clicks on log out button")
public void clicks_on_log_out_button() {
    // Write code here that turns the phrase above into concrete actions
    throw new io.cucumber.java.PendingException();
}
@Then("Checks if there is sign in and sign up dropdown tab")
public void checks_if_there_is_sign_in_and_sign_up_dropdown_tab() {
    // Write code here that turns the phrase above into concrete actions
    throw new io.cucumber.java.PendingException();
}


runScenario(com.bdd.runner.TestRunner)  Time elapsed: 0.023 s  <<< FAILURE!
io.cucumber.testng.UndefinedStepException: 
The step 'User navigates to the application' and 2 other step(s) are undefined.
You can implement these steps using the snippet(s) below:

@Given("User navigates to the application")
public void user_navigates_to_the_application() {
    // Write code here that turns the phrase above into concrete actions
    throw new io.cucumber.java.PendingException();
}
@Then("Clicks on log out button")
public void clicks_on_log_out_button() {
    // Write code here that turns the phrase above into concrete actions
    throw new io.cucumber.java.PendingException();
}
@Then("Checks if there is sign in and sign up dropdown tab")
public void checks_if_there_is_sign_in_and_sign_up_dropdown_tab() {
    // Write code here that turns the phrase above into concrete actions
    throw new io.cucumber.java.PendingException();
}


runScenario(com.bdd.runner.TestRunner)  Time elapsed: 0.031 s  <<< FAILURE!
io.cucumber.testng.UndefinedStepException: 
The step 'User navigates to the application' and 2 other step(s) are undefined.
You can implement these steps using the snippet(s) below:

@Given("User navigates to the application")
public void user_navigates_to_the_application() {
    // Write code here that turns the phrase above into concrete actions
    throw new io.cucumber.java.PendingException();
}
@Then("Clicks on log out button")
public void clicks_on_log_out_button() {
    // Write code here that turns the phrase above into concrete actions
    throw new io.cucumber.java.PendingException();
}
@Then("Checks if there is sign in and sign up dropdown tab")
public void checks_if_there_is_sign_in_and_sign_up_dropdown_tab() {
    // Write code here that turns the phrase above into concrete actions
    throw new io.cucumber.java.PendingException();
}


runScenario(com.bdd.runner.TestRunner)  Time elapsed: 0.095 s  <<< FAILURE!
io.cucumber.testng.UndefinedStepException: 
The step 'User navigates to the application' and 2 other step(s) are undefined.
You can implement these steps using the snippet(s) below:

@Given("User navigates to the application")
public void user_navigates_to_the_application() {
    // Write code here that turns the phrase above into concrete actions
    throw new io.cucumber.java.PendingException();
}
@Then("Clicks on log out button")
public void clicks_on_log_out_button() {
    // Write code here that turns the phrase above into concrete actions
    throw new io.cucumber.java.PendingException();
}
@Then("Checks if there is sign in and sign up dropdown tab")
public void checks_if_there_is_sign_in_and_sign_up_dropdown_tab() {
    // Write code here that turns the phrase above into concrete actions
    throw new io.cucumber.java.PendingException();
}


runScenario(com.bdd.runner.TestRunner)  Time elapsed: 0.018 s  <<< FAILURE!
io.cucumber.testng.UndefinedStepException: 
The step 'User navigates to the application' and 2 other step(s) are undefined.
You can implement these steps using the snippet(s) below:

@Given("User navigates to the application")
public void user_navigates_to_the_application() {
    // Write code here that turns the phrase above into concrete actions
    throw new io.cucumber.java.PendingException();
}
@Then("Clicks on log out button")
public void clicks_on_log_out_button() {
    // Write code here that turns the phrase above into concrete actions
    throw new io.cucumber.java.PendingException();
}
@Then("Checks if there is sign in and sign up dropdown tab")
public void checks_if_there_is_sign_in_and_sign_up_dropdown_tab() {
    // Write code here that turns the phrase above into concrete actions
    throw new io.cucumber.java.PendingException();
}


runScenario(com.bdd.runner.TestRunner)  Time elapsed: 0.031 s  <<< FAILURE!
io.cucumber.testng.UndefinedStepException: 
The step 'User navigates to the application' and 2 other step(s) are undefined.
You can implement these steps using the snippet(s) below:

@Given("User navigates to the application")
public void user_navigates_to_the_application() {
    // Write code here that turns the phrase above into concrete actions
    throw new io.cucumber.java.PendingException();
}
@Then("Clicks on log out button")
public void clicks_on_log_out_button() {
    // Write code here that turns the phrase above into concrete actions
    throw new io.cucumber.java.PendingException();
}
@Then("Checks if there is sign in and sign up dropdown tab")
public void checks_if_there_is_sign_in_and_sign_up_dropdown_tab() {
    // Write code here that turns the phrase above into concrete actions
    throw new io.cucumber.java.PendingException();
}


runScenario(com.bdd.runner.TestRunner)  Time elapsed: 0.168 s  <<< FAILURE!
io.cucumber.testng.UndefinedStepException: 
The step 'I click on the left carusel arrow button' and 1 other step(s) are undefined.
You can implement these steps using the snippet(s) below:

@When("I click on the left carusel arrow button")
public void i_click_on_the_left_carusel_arrow_button() {
    // Write code here that turns the phrase above into concrete actions
    throw new io.cucumber.java.PendingException();
}
@Then("I click on the right corusel arrow button")
public void i_click_on_the_right_corusel_arrow_button() {
    // Write code here that turns the phrase above into concrete actions
    throw new io.cucumber.java.PendingException();
}


runScenario(com.bdd.runner.TestRunner)  Time elapsed: 0.037 s  <<< FAILURE!
io.cucumber.testng.UndefinedStepException: 
The step 'User navigates to the application' and 4 other step(s) are undefined.
You can implement these steps using the snippet(s) below:

@Given("User navigates to the application")
public void user_navigates_to_the_application() {
    // Write code here that turns the phrase above into concrete actions
    throw new io.cucumber.java.PendingException();
}
@When("User clicks on the {string}")
public void user_clicks_on_the(String string) {
    // Write code here that turns the phrase above into concrete actions
    throw new io.cucumber.java.PendingException();
}
@When("Log in with correct credential")
public void log_in_with_correct_credential() {
    // Write code here that turns the phrase above into concrete actions
    throw new io.cucumber.java.PendingException();
}
@Then("Clicks on log out button")
public void clicks_on_log_out_button() {
    // Write code here that turns the phrase above into concrete actions
    throw new io.cucumber.java.PendingException();
}
@Then("Checks if there is sign in and sign up dropdown tab")
public void checks_if_there_is_sign_in_and_sign_up_dropdown_tab() {
    // Write code here that turns the phrase above into concrete actions
    throw new io.cucumber.java.PendingException();
}


runScenario(com.bdd.runner.TestRunner)  Time elapsed: 0.11 s  <<< FAILURE!
io.cucumber.testng.UndefinedStepException: 
The step 'User navigates to the application' and 2 other step(s) are undefined.
You can implement these steps using the snippet(s) below:

@Given("User navigates to the application")
public void user_navigates_to_the_application() {
    // Write code here that turns the phrase above into concrete actions
    throw new io.cucumber.java.PendingException();
}
@When("User clicks on the {string}")
public void user_clicks_on_the(String string) {
    // Write code here that turns the phrase above into concrete actions
    throw new io.cucumber.java.PendingException();
}
@Then("Checks if there is sign in and sign up dropdown tab")
public void checks_if_there_is_sign_in_and_sign_up_dropdown_tab() {
    // Write code here that turns the phrase above into concrete actions
    throw new io.cucumber.java.PendingException();
}


runScenario(com.bdd.runner.TestRunner)  Time elapsed: 0.029 s  <<< FAILURE!
io.cucumber.testng.UndefinedStepException: 
The step 'User navigates to the application' and 2 other step(s) are undefined.
You can implement these steps using the snippet(s) below:

@Given("User navigates to the application")
public void user_navigates_to_the_application() {
    // Write code here that turns the phrase above into concrete actions
    throw new io.cucumber.java.PendingException();
}
@When("User clicks on the {string}")
public void user_clicks_on_the(String string) {
    // Write code here that turns the phrase above into concrete actions
    throw new io.cucumber.java.PendingException();
}
@Then("Checks if there is sign in and sign up dropdown tab")
public void checks_if_there_is_sign_in_and_sign_up_dropdown_tab() {
    // Write code here that turns the phrase above into concrete actions
    throw new io.cucumber.java.PendingException();
}


runScenario(com.bdd.runner.TestRunner)  Time elapsed: 0.009 s  <<< FAILURE!
io.cucumber.testng.UndefinedStepException: 
The step 'User navigates to the application' and 4 other step(s) are undefined.
You can implement these steps using the snippet(s) below:

@Given("User navigates to the application")
public void user_navigates_to_the_application() {
    // Write code here that turns the phrase above into concrete actions
    throw new io.cucumber.java.PendingException();
}
@When("User clicks on the {string}")
public void user_clicks_on_the(String string) {
    // Write code here that turns the phrase above into concrete actions
    throw new io.cucumber.java.PendingException();
}
@Then("User is send to {string} page")
public void user_is_send_to_page(String string) {
    // Write code here that turns the phrase above into concrete actions
    throw new io.cucumber.java.PendingException();
}
@When("User types {string} name")
public void user_types_name(String string) {
    // Write code here that turns the phrase above into concrete actions
    throw new io.cucumber.java.PendingException();
}
@When("Choose product")
public void choose_product() {
    // Write code here that turns the phrase above into concrete actions
    throw new io.cucumber.java.PendingException();
}


runScenario(com.bdd.runner.TestRunner)  Time elapsed: 0.013 s  <<< FAILURE!
io.cucumber.testng.UndefinedStepException: 
The step 'User navigates to the application' and 4 other step(s) are undefined.
You can implement these steps using the snippet(s) below:

@Given("User navigates to the application")
public void user_navigates_to_the_application() {
    // Write code here that turns the phrase above into concrete actions
    throw new io.cucumber.java.PendingException();
}
@When("User clicks on the {string}")
public void user_clicks_on_the(String string) {
    // Write code here that turns the phrase above into concrete actions
    throw new io.cucumber.java.PendingException();
}
@Then("User is send to {string} page")
public void user_is_send_to_page(String string) {
    // Write code here that turns the phrase above into concrete actions
    throw new io.cucumber.java.PendingException();
}
@When("User types {string} name")
public void user_types_name(String string) {
    // Write code here that turns the phrase above into concrete actions
    throw new io.cucumber.java.PendingException();
}
@When("Choose product")
public void choose_product() {
    // Write code here that turns the phrase above into concrete actions
    throw new io.cucumber.java.PendingException();
}


runScenario(com.bdd.runner.TestRunner)  Time elapsed: 0.018 s  <<< FAILURE!
io.cucumber.testng.UndefinedStepException: 
The step 'User navigates to the application' and 14 other step(s) are undefined.
You can implement these steps using the snippet(s) below:

@Given("User navigates to the application")
public void user_navigates_to_the_application() {
    // Write code here that turns the phrase above into concrete actions
    throw new io.cucumber.java.PendingException();
}
@When("User clicks on the {string}")
public void user_clicks_on_the(String string) {
    // Write code here that turns the phrase above into concrete actions
    throw new io.cucumber.java.PendingException();
}
@When("Log in with correct credential")
public void log_in_with_correct_credential() {
    // Write code here that turns the phrase above into concrete actions
    throw new io.cucumber.java.PendingException();
}
@Then("User is send to {string} page")
public void user_is_send_to_page(String string) {
    // Write code here that turns the phrase above into concrete actions
    throw new io.cucumber.java.PendingException();
}
@When("User types {string} name")
public void user_types_name(String string) {
    // Write code here that turns the phrase above into concrete actions
    throw new io.cucumber.java.PendingException();
}
@When("Choose product")
public void choose_product() {
    // Write code here that turns the phrase above into concrete actions
    throw new io.cucumber.java.PendingException();
}
@Then("Clicks on the product details button")
public void clicks_on_the_product_details_button() {
    // Write code here that turns the phrase above into concrete actions
    throw new io.cucumber.java.PendingException();
}
@When("User is send to product seller details tab")
public void user_is_send_to_product_seller_details_tab() {
    // Write code here that turns the phrase above into concrete actions
    throw new io.cucumber.java.PendingException();
}
@When("Checks, if backward button works")
public void checks_if_backward_button_works() {
    // Write code here that turns the phrase above into concrete actions
    throw new io.cucumber.java.PendingException();
}
@Then("Add products to cart, one of each kind")
public void add_products_to_cart_one_of_each_kind() {
    // Write code here that turns the phrase above into concrete actions
    throw new io.cucumber.java.PendingException();
}
@Then("Checks, if cart logo number is updated correctly")
public void checks_if_cart_logo_number_is_updated_correctly() {
    // Write code here that turns the phrase above into concrete actions
    throw new io.cucumber.java.PendingException();
}
@Then("Clicks on log out button")
public void clicks_on_log_out_button() {
    // Write code here that turns the phrase above into concrete actions
    throw new io.cucumber.java.PendingException();
}
@Then("Checks if there is sign in and sign up dropdown tab")
public void checks_if_there_is_sign_in_and_sign_up_dropdown_tab() {
    // Write code here that turns the phrase above into concrete actions
    throw new io.cucumber.java.PendingException();
}


runScenario(com.bdd.runner.TestRunner)  Time elapsed: 0.012 s  <<< FAILURE!
io.cucumber.testng.UndefinedStepException: 
The step 'User navigates to the application' and 3 other step(s) are undefined.
You can implement these steps using the snippet(s) below:

@Given("User navigates to the application")
public void user_navigates_to_the_application() {
    // Write code here that turns the phrase above into concrete actions
    throw new io.cucumber.java.PendingException();
}
@When("User clicks on the {string}")
public void user_clicks_on_the(String string) {
    // Write code here that turns the phrase above into concrete actions
    throw new io.cucumber.java.PendingException();
}
@Then("Clicks on log out button")
public void clicks_on_log_out_button() {
    // Write code here that turns the phrase above into concrete actions
    throw new io.cucumber.java.PendingException();
}
@Then("Checks if there is sign in and sign up dropdown tab")
public void checks_if_there_is_sign_in_and_sign_up_dropdown_tab() {
    // Write code here that turns the phrase above into concrete actions
    throw new io.cucumber.java.PendingException();
}


runScenario(com.bdd.runner.TestRunner)  Time elapsed: 0.005 s  <<< FAILURE!
io.cucumber.testng.UndefinedStepException: 
The step 'User navigates to the application' and 2 other step(s) are undefined.
You can implement these steps using the snippet(s) below:

@Given("User navigates to the application")
public void user_navigates_to_the_application() {
    // Write code here that turns the phrase above into concrete actions
    throw new io.cucumber.java.PendingException();
}
@When("User clicks on the {string}")
public void user_clicks_on_the(String string) {
    // Write code here that turns the phrase above into concrete actions
    throw new io.cucumber.java.PendingException();
}
@Then("Checks if there is sign in and sign up dropdown tab")
public void checks_if_there_is_sign_in_and_sign_up_dropdown_tab() {
    // Write code here that turns the phrase above into concrete actions
    throw new io.cucumber.java.PendingException();
}


runScenario(com.bdd.runner.TestRunner)  Time elapsed: 0.011 s  <<< FAILURE!
io.cucumber.testng.UndefinedStepException: 
The step 'User navigates to the application' and 2 other step(s) are undefined.
You can implement these steps using the snippet(s) below:

@Given("User navigates to the application")
public void user_navigates_to_the_application() {
    // Write code here that turns the phrase above into concrete actions
    throw new io.cucumber.java.PendingException();
}
@When("User clicks on the {string}")
public void user_clicks_on_the(String string) {
    // Write code here that turns the phrase above into concrete actions
    throw new io.cucumber.java.PendingException();
}
@Then("Checks if there is sign in and sign up dropdown tab")
public void checks_if_there_is_sign_in_and_sign_up_dropdown_tab() {
    // Write code here that turns the phrase above into concrete actions
    throw new io.cucumber.java.PendingException();
}


runScenario(com.bdd.runner.TestRunner)  Time elapsed: 0.008 s  <<< FAILURE!
io.cucumber.testng.UndefinedStepException: 
The step 'User navigates to the application' and 2 other step(s) are undefined.
You can implement these steps using the snippet(s) below:

@Given("User navigates to the application")
public void user_navigates_to_the_application() {
    // Write code here that turns the phrase above into concrete actions
    throw new io.cucumber.java.PendingException();
}
@When("User clicks on the {string}")
public void user_clicks_on_the(String string) {
    // Write code here that turns the phrase above into concrete actions
    throw new io.cucumber.java.PendingException();
}
@Then("Checks if there is sign in and sign up dropdown tab")
public void checks_if_there_is_sign_in_and_sign_up_dropdown_tab() {
    // Write code here that turns the phrase above into concrete actions
    throw new io.cucumber.java.PendingException();
}


runScenario(com.bdd.runner.TestRunner)  Time elapsed: 0.014 s  <<< FAILURE!
io.cucumber.testng.UndefinedStepException: 
The step 'User navigates to the application' and 2 other step(s) are undefined.
You can implement these steps using the snippet(s) below:

@Given("User navigates to the application")
public void user_navigates_to_the_application() {
    // Write code here that turns the phrase above into concrete actions
    throw new io.cucumber.java.PendingException();
}
@When("User clicks on the {string}")
public void user_clicks_on_the(String string) {
    // Write code here that turns the phrase above into concrete actions
    throw new io.cucumber.java.PendingException();
}
@Then("Checks if there is sign in and sign up dropdown tab")
public void checks_if_there_is_sign_in_and_sign_up_dropdown_tab() {
    // Write code here that turns the phrase above into concrete actions
    throw new io.cucumber.java.PendingException();
}


runScenario(com.bdd.runner.TestRunner)  Time elapsed: 0.022 s  <<< FAILURE!
io.cucumber.testng.UndefinedStepException: 
The step 'User navigates to the application' and 2 other step(s) are undefined.
You can implement these steps using the snippet(s) below:

@Given("User navigates to the application")
public void user_navigates_to_the_application() {
    // Write code here that turns the phrase above into concrete actions
    throw new io.cucumber.java.PendingException();
}
@Then("Clicks on log out button")
public void clicks_on_log_out_button() {
    // Write code here that turns the phrase above into concrete actions
    throw new io.cucumber.java.PendingException();
}
@Then("Checks if there is sign in and sign up dropdown tab")
public void checks_if_there_is_sign_in_and_sign_up_dropdown_tab() {
    // Write code here that turns the phrase above into concrete actions
    throw new io.cucumber.java.PendingException();
}


runScenario(com.bdd.runner.TestRunner)  Time elapsed: 0.025 s  <<< FAILURE!
io.cucumber.testng.UndefinedStepException: 
The step 'User navigates to the application' and 2 other step(s) are undefined.
You can implement these steps using the snippet(s) below:

@Given("User navigates to the application")
public void user_navigates_to_the_application() {
    // Write code here that turns the phrase above into concrete actions
    throw new io.cucumber.java.PendingException();
}
@Then("Clicks on log out button")
public void clicks_on_log_out_button() {
    // Write code here that turns the phrase above into concrete actions
    throw new io.cucumber.java.PendingException();
}
@Then("Checks if there is sign in and sign up dropdown tab")
public void checks_if_there_is_sign_in_and_sign_up_dropdown_tab() {
    // Write code here that turns the phrase above into concrete actions
    throw new io.cucumber.java.PendingException();
}


runScenario(com.bdd.runner.TestRunner)  Time elapsed: 0.023 s  <<< FAILURE!
io.cucumber.testng.UndefinedStepException: 
The step 'User navigates to the application' and 2 other step(s) are undefined.
You can implement these steps using the snippet(s) below:

@Given("User navigates to the application")
public void user_navigates_to_the_application() {
    // Write code here that turns the phrase above into concrete actions
    throw new io.cucumber.java.PendingException();
}
@Then("Clicks on log out button")
public void clicks_on_log_out_button() {
    // Write code here that turns the phrase above into concrete actions
    throw new io.cucumber.java.PendingException();
}
@Then("Checks if there is sign in and sign up dropdown tab")
public void checks_if_there_is_sign_in_and_sign_up_dropdown_tab() {
    // Write code here that turns the phrase above into concrete actions
    throw new io.cucumber.java.PendingException();
}


runScenario(com.bdd.runner.TestRunner)  Time elapsed: 0.053 s  <<< FAILURE!
io.cucumber.testng.UndefinedStepException: 
The step 'User navigates to the application' and 8 other step(s) are undefined.
You can implement these steps using the snippet(s) below:

@Given("User navigates to the application")
public void user_navigates_to_the_application() {
    // Write code here that turns the phrase above into concrete actions
    throw new io.cucumber.java.PendingException();
}
@Then("Navigate to the home page")
public void navigate_to_the_home_page() {
    // Write code here that turns the phrase above into concrete actions
    throw new io.cucumber.java.PendingException();
}
@Then("User types {string} name")
public void user_types_name(String string) {
    // Write code here that turns the phrase above into concrete actions
    throw new io.cucumber.java.PendingException();
}
@Then("Choose product")
public void choose_product() {
    // Write code here that turns the phrase above into concrete actions
    throw new io.cucumber.java.PendingException();
}
@Then("Clicks on the product details button")
public void clicks_on_the_product_details_button() {
    // Write code here that turns the phrase above into concrete actions
    throw new io.cucumber.java.PendingException();
}
@Then("User is send to product seller details tab")
public void user_is_send_to_product_seller_details_tab() {
    // Write code here that turns the phrase above into concrete actions
    throw new io.cucumber.java.PendingException();
}
@Then("Add products to cart, one of each kind")
public void add_products_to_cart_one_of_each_kind() {
    // Write code here that turns the phrase above into concrete actions
    throw new io.cucumber.java.PendingException();
}
@Then("Clicks on log out button")
public void clicks_on_log_out_button() {
    // Write code here that turns the phrase above into concrete actions
    throw new io.cucumber.java.PendingException();
}
@Then("Checks if there is sign in and sign up dropdown tab")
public void checks_if_there_is_sign_in_and_sign_up_dropdown_tab() {
    // Write code here that turns the phrase above into concrete actions
    throw new io.cucumber.java.PendingException();
}


runScenario(com.bdd.runner.TestRunner)  Time elapsed: 0.011 s  <<< FAILURE!
io.cucumber.testng.UndefinedStepException: 
The step 'User navigates to the application' and 2 other step(s) are undefined.
You can implement these steps using the snippet(s) below:

@Given("User navigates to the application")
public void user_navigates_to_the_application() {
    // Write code here that turns the phrase above into concrete actions
    throw new io.cucumber.java.PendingException();
}
@Then("Clicks on log out button")
public void clicks_on_log_out_button() {
    // Write code here that turns the phrase above into concrete actions
    throw new io.cucumber.java.PendingException();
}
@Then("Checks if there is sign in and sign up dropdown tab")
public void checks_if_there_is_sign_in_and_sign_up_dropdown_tab() {
    // Write code here that turns the phrase above into concrete actions
    throw new io.cucumber.java.PendingException();
}


