<?xml version="1.0" encoding="UTF-8"?>
<testng-results ignored="0" total="45" passed="45" failed="0" skipped="0">
  <reporter-output>
  </reporter-output>
  <suite started-at="2022-06-22T10:00:07 CEST" name="Surefire suite" finished-at="2022-06-22T10:02:23 CEST" duration-ms="136038">
    <groups>
      <group name="cucumber">
        <method signature="AbstractTestNGCucumberTests.runScenario(io.cucumber.testng.PickleWrapper,io.cucumber.testng.FeatureWrapper)[pri:0, instance:com.bdd.runner.TestRunner@1080b026]" name="runScenario" class="io.cucumber.testng.AbstractTestNGCucumberTests"/>
      </group> <!-- cucumber -->
    </groups>
    <test started-at="2022-06-22T10:00:07 CEST" name="Surefire test" finished-at="2022-06-22T10:02:23 CEST" duration-ms="136038">
      <class name="com.bdd.runner.TestRunner">
        <test-method is-config="true" signature="setUpClass(org.testng.ITestContext)[pri:0, instance:com.bdd.runner.TestRunner@1080b026]" started-at="2022-06-22T10:00:07 CEST" name="setUpClass" finished-at="2022-06-22T10:00:07 CEST" duration-ms="161" status="PASS">
          <params>
            <param index="0">
              <value>
                <![CDATA[org.testng.TestRunner@c4fad0e]]>
              </value>
            </param>
          </params>
          <reporter-output>
          </reporter-output>
        </test-method> <!-- setUpClass -->
        <test-method signature="runScenario(io.cucumber.testng.PickleWrapper,io.cucumber.testng.FeatureWrapper)[pri:0, instance:com.bdd.runner.TestRunner@1080b026]" started-at="2022-06-22T10:00:07 CEST" name="runScenario" description="Runs Cucumber Scenarios" data-provider="scenarios" finished-at="2022-06-22T10:00:16 CEST" duration-ms="8743" status="PASS">
          <params>
            <param index="0">
              <value>
                <![CDATA["Business sign up with empty Name field"]]>
              </value>
            </param>
            <param index="1">
              <value>
                <![CDATA["Optional[Product page features]"]]>
              </value>
            </param>
          </params>
          <reporter-output>
          </reporter-output>
        </test-method> <!-- runScenario -->
        <test-method signature="runScenario(io.cucumber.testng.PickleWrapper,io.cucumber.testng.FeatureWrapper)[pri:0, instance:com.bdd.runner.TestRunner@1080b026]" started-at="2022-06-22T10:00:16 CEST" name="runScenario" description="Runs Cucumber Scenarios" data-provider="scenarios" finished-at="2022-06-22T10:00:19 CEST" duration-ms="3639" status="PASS">
          <params>
            <param index="0">
              <value>
                <![CDATA["Business sign up with invalid email"]]>
              </value>
            </param>
            <param index="1">
              <value>
                <![CDATA["Optional[Product page features]"]]>
              </value>
            </param>
          </params>
          <reporter-output>
          </reporter-output>
        </test-method> <!-- runScenario -->
        <test-method signature="runScenario(io.cucumber.testng.PickleWrapper,io.cucumber.testng.FeatureWrapper)[pri:0, instance:com.bdd.runner.TestRunner@1080b026]" started-at="2022-06-22T10:00:19 CEST" name="runScenario" description="Runs Cucumber Scenarios" data-provider="scenarios" finished-at="2022-06-22T10:00:23 CEST" duration-ms="4037" status="PASS">
          <params>
            <param index="0">
              <value>
                <![CDATA["Business sign up with empty Name field"]]>
              </value>
            </param>
            <param index="1">
              <value>
                <![CDATA["Optional[Product page features]"]]>
              </value>
            </param>
          </params>
          <reporter-output>
          </reporter-output>
        </test-method> <!-- runScenario -->
        <test-method signature="runScenario(io.cucumber.testng.PickleWrapper,io.cucumber.testng.FeatureWrapper)[pri:0, instance:com.bdd.runner.TestRunner@1080b026]" started-at="2022-06-22T10:00:23 CEST" name="runScenario" description="Runs Cucumber Scenarios" data-provider="scenarios" finished-at="2022-06-22T10:00:27 CEST" duration-ms="3903" status="PASS">
          <params>
            <param index="0">
              <value>
                <![CDATA["Business sign up with empty password field"]]>
              </value>
            </param>
            <param index="1">
              <value>
                <![CDATA["Optional[Product page features]"]]>
              </value>
            </param>
          </params>
          <reporter-output>
          </reporter-output>
        </test-method> <!-- runScenario -->
        <test-method signature="runScenario(io.cucumber.testng.PickleWrapper,io.cucumber.testng.FeatureWrapper)[pri:0, instance:com.bdd.runner.TestRunner@1080b026]" started-at="2022-06-22T10:00:27 CEST" name="runScenario" description="Runs Cucumber Scenarios" data-provider="scenarios" finished-at="2022-06-22T10:00:30 CEST" duration-ms="3237" status="PASS">
          <params>
            <param index="0">
              <value>
                <![CDATA["Business sign up with empty email field"]]>
              </value>
            </param>
            <param index="1">
              <value>
                <![CDATA["Optional[Product page features]"]]>
              </value>
            </param>
          </params>
          <reporter-output>
          </reporter-output>
        </test-method> <!-- runScenario -->
        <test-method signature="runScenario(io.cucumber.testng.PickleWrapper,io.cucumber.testng.FeatureWrapper)[pri:0, instance:com.bdd.runner.TestRunner@1080b026]" started-at="2022-06-22T10:00:30 CEST" name="runScenario" description="Runs Cucumber Scenarios" data-provider="scenarios" finished-at="2022-06-22T10:00:34 CEST" duration-ms="3659" status="PASS">
          <params>
            <param index="0">
              <value>
                <![CDATA["Business sign up with empty postcode field"]]>
              </value>
            </param>
            <param index="1">
              <value>
                <![CDATA["Optional[Product page features]"]]>
              </value>
            </param>
          </params>
          <reporter-output>
          </reporter-output>
        </test-method> <!-- runScenario -->
        <test-method signature="runScenario(io.cucumber.testng.PickleWrapper,io.cucumber.testng.FeatureWrapper)[pri:0, instance:com.bdd.runner.TestRunner@1080b026]" started-at="2022-06-22T10:00:34 CEST" name="runScenario" description="Runs Cucumber Scenarios" data-provider="scenarios" finished-at="2022-06-22T10:00:38 CEST" duration-ms="3504" status="PASS">
          <params>
            <param index="0">
              <value>
                <![CDATA["Business sign up with empty city field"]]>
              </value>
            </param>
            <param index="1">
              <value>
                <![CDATA["Optional[Product page features]"]]>
              </value>
            </param>
          </params>
          <reporter-output>
          </reporter-output>
        </test-method> <!-- runScenario -->
        <test-method signature="runScenario(io.cucumber.testng.PickleWrapper,io.cucumber.testng.FeatureWrapper)[pri:0, instance:com.bdd.runner.TestRunner@1080b026]" started-at="2022-06-22T10:00:38 CEST" name="runScenario" description="Runs Cucumber Scenarios" data-provider="scenarios" finished-at="2022-06-22T10:00:42 CEST" duration-ms="3911" status="PASS">
          <params>
            <param index="0">
              <value>
                <![CDATA["Business sign up with empty street field"]]>
              </value>
            </param>
            <param index="1">
              <value>
                <![CDATA["Optional[Product page features]"]]>
              </value>
            </param>
          </params>
          <reporter-output>
          </reporter-output>
        </test-method> <!-- runScenario -->
        <test-method signature="runScenario(io.cucumber.testng.PickleWrapper,io.cucumber.testng.FeatureWrapper)[pri:0, instance:com.bdd.runner.TestRunner@1080b026]" started-at="2022-06-22T10:00:42 CEST" name="runScenario" description="Runs Cucumber Scenarios" data-provider="scenarios" finished-at="2022-06-22T10:00:48 CEST" duration-ms="6458" status="PASS">
          <params>
            <param index="0">
              <value>
                <![CDATA["Business sign up with correct credentials"]]>
              </value>
            </param>
            <param index="1">
              <value>
                <![CDATA["Optional[Product page features]"]]>
              </value>
            </param>
          </params>
          <reporter-output>
          </reporter-output>
        </test-method> <!-- runScenario -->
        <test-method signature="runScenario(io.cucumber.testng.PickleWrapper,io.cucumber.testng.FeatureWrapper)[pri:0, instance:com.bdd.runner.TestRunner@1080b026]" started-at="2022-06-22T10:00:48 CEST" name="runScenario" description="Runs Cucumber Scenarios" data-provider="scenarios" finished-at="2022-06-22T10:00:52 CEST" duration-ms="4237" status="PASS">
          <params>
            <param index="0">
              <value>
                <![CDATA["Add and delete items"]]>
              </value>
            </param>
            <param index="1">
              <value>
                <![CDATA["Optional[Cart page features]"]]>
              </value>
            </param>
          </params>
          <reporter-output>
          </reporter-output>
        </test-method> <!-- runScenario -->
        <test-method signature="runScenario(io.cucumber.testng.PickleWrapper,io.cucumber.testng.FeatureWrapper)[pri:0, instance:com.bdd.runner.TestRunner@1080b026]" started-at="2022-06-22T10:00:52 CEST" name="runScenario" description="Runs Cucumber Scenarios" data-provider="scenarios" finished-at="2022-06-22T10:00:56 CEST" duration-ms="4052" status="PASS">
          <params>
            <param index="0">
              <value>
                <![CDATA["Price counter check"]]>
              </value>
            </param>
            <param index="1">
              <value>
                <![CDATA["Optional[Cart page features]"]]>
              </value>
            </param>
          </params>
          <reporter-output>
          </reporter-output>
        </test-method> <!-- runScenario -->
        <test-method signature="runScenario(io.cucumber.testng.PickleWrapper,io.cucumber.testng.FeatureWrapper)[pri:0, instance:com.bdd.runner.TestRunner@1080b026]" started-at="2022-06-22T10:00:56 CEST" name="runScenario" description="Runs Cucumber Scenarios" data-provider="scenarios" finished-at="2022-06-22T10:01:00 CEST" duration-ms="3536" status="PASS">
          <params>
            <param index="0">
              <value>
                <![CDATA["Required delivery method check"]]>
              </value>
            </param>
            <param index="1">
              <value>
                <![CDATA["Optional[Cart page features]"]]>
              </value>
            </param>
          </params>
          <reporter-output>
          </reporter-output>
        </test-method> <!-- runScenario -->
        <test-method signature="runScenario(io.cucumber.testng.PickleWrapper,io.cucumber.testng.FeatureWrapper)[pri:0, instance:com.bdd.runner.TestRunner@1080b026]" started-at="2022-06-22T10:01:00 CEST" name="runScenario" description="Runs Cucumber Scenarios" data-provider="scenarios" finished-at="2022-06-22T10:01:03 CEST" duration-ms="3289" status="PASS">
          <params>
            <param index="0">
              <value>
                <![CDATA["Buyers details filled in check"]]>
              </value>
            </param>
            <param index="1">
              <value>
                <![CDATA["Optional[Cart page features]"]]>
              </value>
            </param>
          </params>
          <reporter-output>
          </reporter-output>
        </test-method> <!-- runScenario -->
        <test-method signature="runScenario(io.cucumber.testng.PickleWrapper,io.cucumber.testng.FeatureWrapper)[pri:0, instance:com.bdd.runner.TestRunner@1080b026]" started-at="2022-06-22T10:01:03 CEST" name="runScenario" description="Runs Cucumber Scenarios" data-provider="scenarios" finished-at="2022-06-22T10:01:08 CEST" duration-ms="4514" status="PASS">
          <params>
            <param index="0">
              <value>
                <![CDATA["Recipients details error message check"]]>
              </value>
            </param>
            <param index="1">
              <value>
                <![CDATA["Optional[Cart page features]"]]>
              </value>
            </param>
          </params>
          <reporter-output>
          </reporter-output>
        </test-method> <!-- runScenario -->
        <test-method signature="runScenario(io.cucumber.testng.PickleWrapper,io.cucumber.testng.FeatureWrapper)[pri:0, instance:com.bdd.runner.TestRunner@1080b026]" started-at="2022-06-22T10:01:08 CEST" name="runScenario" description="Runs Cucumber Scenarios" data-provider="scenarios" finished-at="2022-06-22T10:01:11 CEST" duration-ms="3769" status="PASS">
          <params>
            <param index="0">
              <value>
                <![CDATA["Recipients details error message check"]]>
              </value>
            </param>
            <param index="1">
              <value>
                <![CDATA["Optional[Cart page features]"]]>
              </value>
            </param>
          </params>
          <reporter-output>
          </reporter-output>
        </test-method> <!-- runScenario -->
        <test-method signature="runScenario(io.cucumber.testng.PickleWrapper,io.cucumber.testng.FeatureWrapper)[pri:0, instance:com.bdd.runner.TestRunner@1080b026]" started-at="2022-06-22T10:01:11 CEST" name="runScenario" description="Runs Cucumber Scenarios" data-provider="scenarios" finished-at="2022-06-22T10:01:15 CEST" duration-ms="4081" status="PASS">
          <params>
            <param index="0">
              <value>
                <![CDATA["Recipients details error message check"]]>
              </value>
            </param>
            <param index="1">
              <value>
                <![CDATA["Optional[Cart page features]"]]>
              </value>
            </param>
          </params>
          <reporter-output>
          </reporter-output>
        </test-method> <!-- runScenario -->
        <test-method signature="runScenario(io.cucumber.testng.PickleWrapper,io.cucumber.testng.FeatureWrapper)[pri:0, instance:com.bdd.runner.TestRunner@1080b026]" started-at="2022-06-22T10:01:15 CEST" name="runScenario" description="Runs Cucumber Scenarios" data-provider="scenarios" finished-at="2022-06-22T10:01:20 CEST" duration-ms="4213" status="PASS">
          <params>
            <param index="0">
              <value>
                <![CDATA["Recipients details error message check"]]>
              </value>
            </param>
            <param index="1">
              <value>
                <![CDATA["Optional[Cart page features]"]]>
              </value>
            </param>
          </params>
          <reporter-output>
          </reporter-output>
        </test-method> <!-- runScenario -->
        <test-method signature="runScenario(io.cucumber.testng.PickleWrapper,io.cucumber.testng.FeatureWrapper)[pri:0, instance:com.bdd.runner.TestRunner@1080b026]" started-at="2022-06-22T10:01:20 CEST" name="runScenario" description="Runs Cucumber Scenarios" data-provider="scenarios" finished-at="2022-06-22T10:01:24 CEST" duration-ms="3910" status="PASS">
          <params>
            <param index="0">
              <value>
                <![CDATA["Recipients details error message check"]]>
              </value>
            </param>
            <param index="1">
              <value>
                <![CDATA["Optional[Cart page features]"]]>
              </value>
            </param>
          </params>
          <reporter-output>
          </reporter-output>
        </test-method> <!-- runScenario -->
        <test-method signature="runScenario(io.cucumber.testng.PickleWrapper,io.cucumber.testng.FeatureWrapper)[pri:0, instance:com.bdd.runner.TestRunner@1080b026]" started-at="2022-06-22T10:01:24 CEST" name="runScenario" description="Runs Cucumber Scenarios" data-provider="scenarios" finished-at="2022-06-22T10:01:27 CEST" duration-ms="3768" status="PASS">
          <params>
            <param index="0">
              <value>
                <![CDATA["Recipients details error message check"]]>
              </value>
            </param>
            <param index="1">
              <value>
                <![CDATA["Optional[Cart page features]"]]>
              </value>
            </param>
          </params>
          <reporter-output>
          </reporter-output>
        </test-method> <!-- runScenario -->
        <test-method signature="runScenario(io.cucumber.testng.PickleWrapper,io.cucumber.testng.FeatureWrapper)[pri:0, instance:com.bdd.runner.TestRunner@1080b026]" started-at="2022-06-22T10:01:27 CEST" name="runScenario" description="Runs Cucumber Scenarios" data-provider="scenarios" finished-at="2022-06-22T10:01:31 CEST" duration-ms="3790" status="PASS">
          <params>
            <param index="0">
              <value>
                <![CDATA["Valid order check"]]>
              </value>
            </param>
            <param index="1">
              <value>
                <![CDATA["Optional[Cart page features]"]]>
              </value>
            </param>
          </params>
          <reporter-output>
          </reporter-output>
        </test-method> <!-- runScenario -->
        <test-method signature="runScenario(io.cucumber.testng.PickleWrapper,io.cucumber.testng.FeatureWrapper)[pri:0, instance:com.bdd.runner.TestRunner@1080b026]" started-at="2022-06-22T10:01:31 CEST" name="runScenario" description="Runs Cucumber Scenarios" data-provider="scenarios" finished-at="2022-06-22T10:01:32 CEST" duration-ms="531" status="PASS">
          <params>
            <param index="0">
              <value>
                <![CDATA["Check all links"]]>
              </value>
            </param>
            <param index="1">
              <value>
                <![CDATA["Optional[Home page features]"]]>
              </value>
            </param>
          </params>
          <reporter-output>
          </reporter-output>
        </test-method> <!-- runScenario -->
        <test-method signature="runScenario(io.cucumber.testng.PickleWrapper,io.cucumber.testng.FeatureWrapper)[pri:0, instance:com.bdd.runner.TestRunner@1080b026]" started-at="2022-06-22T10:01:32 CEST" name="runScenario" description="Runs Cucumber Scenarios" data-provider="scenarios" finished-at="2022-06-22T10:01:32 CEST" duration-ms="482" status="PASS">
          <params>
            <param index="0">
              <value>
                <![CDATA["Check all links"]]>
              </value>
            </param>
            <param index="1">
              <value>
                <![CDATA["Optional[Home page features]"]]>
              </value>
            </param>
          </params>
          <reporter-output>
          </reporter-output>
        </test-method> <!-- runScenario -->
        <test-method signature="runScenario(io.cucumber.testng.PickleWrapper,io.cucumber.testng.FeatureWrapper)[pri:0, instance:com.bdd.runner.TestRunner@1080b026]" started-at="2022-06-22T10:01:32 CEST" name="runScenario" description="Runs Cucumber Scenarios" data-provider="scenarios" finished-at="2022-06-22T10:01:33 CEST" duration-ms="367" status="PASS">
          <params>
            <param index="0">
              <value>
                <![CDATA["Check all links"]]>
              </value>
            </param>
            <param index="1">
              <value>
                <![CDATA["Optional[Home page features]"]]>
              </value>
            </param>
          </params>
          <reporter-output>
          </reporter-output>
        </test-method> <!-- runScenario -->
        <test-method signature="runScenario(io.cucumber.testng.PickleWrapper,io.cucumber.testng.FeatureWrapper)[pri:0, instance:com.bdd.runner.TestRunner@1080b026]" started-at="2022-06-22T10:01:33 CEST" name="runScenario" description="Runs Cucumber Scenarios" data-provider="scenarios" finished-at="2022-06-22T10:01:33 CEST" duration-ms="594" status="PASS">
          <params>
            <param index="0">
              <value>
                <![CDATA["Check all links"]]>
              </value>
            </param>
            <param index="1">
              <value>
                <![CDATA["Optional[Home page features]"]]>
              </value>
            </param>
          </params>
          <reporter-output>
          </reporter-output>
        </test-method> <!-- runScenario -->
        <test-method signature="runScenario(io.cucumber.testng.PickleWrapper,io.cucumber.testng.FeatureWrapper)[pri:0, instance:com.bdd.runner.TestRunner@1080b026]" started-at="2022-06-22T10:01:33 CEST" name="runScenario" description="Runs Cucumber Scenarios" data-provider="scenarios" finished-at="2022-06-22T10:01:34 CEST" duration-ms="572" status="PASS">
          <params>
            <param index="0">
              <value>
                <![CDATA["Check all links"]]>
              </value>
            </param>
            <param index="1">
              <value>
                <![CDATA["Optional[Home page features]"]]>
              </value>
            </param>
          </params>
          <reporter-output>
          </reporter-output>
        </test-method> <!-- runScenario -->
        <test-method signature="runScenario(io.cucumber.testng.PickleWrapper,io.cucumber.testng.FeatureWrapper)[pri:0, instance:com.bdd.runner.TestRunner@1080b026]" started-at="2022-06-22T10:01:34 CEST" name="runScenario" description="Runs Cucumber Scenarios" data-provider="scenarios" finished-at="2022-06-22T10:01:35 CEST" duration-ms="1385" status="PASS">
          <params>
            <param index="0">
              <value>
                <![CDATA["Find apple product"]]>
              </value>
            </param>
            <param index="1">
              <value>
                <![CDATA["Optional[Home page features]"]]>
              </value>
            </param>
          </params>
          <reporter-output>
          </reporter-output>
        </test-method> <!-- runScenario -->
        <test-method signature="runScenario(io.cucumber.testng.PickleWrapper,io.cucumber.testng.FeatureWrapper)[pri:0, instance:com.bdd.runner.TestRunner@1080b026]" started-at="2022-06-22T10:01:35 CEST" name="runScenario" description="Runs Cucumber Scenarios" data-provider="scenarios" finished-at="2022-06-22T10:01:36 CEST" duration-ms="675" status="PASS">
          <params>
            <param index="0">
              <value>
                <![CDATA["Search for a product that no one has"]]>
              </value>
            </param>
            <param index="1">
              <value>
                <![CDATA["Optional[Home page features]"]]>
              </value>
            </param>
          </params>
          <reporter-output>
          </reporter-output>
        </test-method> <!-- runScenario -->
        <test-method signature="runScenario(io.cucumber.testng.PickleWrapper,io.cucumber.testng.FeatureWrapper)[pri:0, instance:com.bdd.runner.TestRunner@1080b026]" started-at="2022-06-22T10:01:36 CEST" name="runScenario" description="Runs Cucumber Scenarios" data-provider="scenarios" finished-at="2022-06-22T10:01:41 CEST" duration-ms="5600" status="PASS">
          <params>
            <param index="0">
              <value>
                <![CDATA["Check carousel buttons"]]>
              </value>
            </param>
            <param index="1">
              <value>
                <![CDATA["Optional[Home page features]"]]>
              </value>
            </param>
          </params>
          <reporter-output>
          </reporter-output>
        </test-method> <!-- runScenario -->
        <test-method signature="runScenario(io.cucumber.testng.PickleWrapper,io.cucumber.testng.FeatureWrapper)[pri:0, instance:com.bdd.runner.TestRunner@1080b026]" started-at="2022-06-22T10:01:41 CEST" name="runScenario" description="Runs Cucumber Scenarios" data-provider="scenarios" finished-at="2022-06-22T10:01:45 CEST" duration-ms="3482" status="PASS">
          <params>
            <param index="0">
              <value>
                <![CDATA["Check seller, product details and cart icon number then Log out"]]>
              </value>
            </param>
            <param index="1">
              <value>
                <![CDATA["Optional[Home page features]"]]>
              </value>
            </param>
          </params>
          <reporter-output>
          </reporter-output>
        </test-method> <!-- runScenario -->
        <test-method signature="runScenario(io.cucumber.testng.PickleWrapper,io.cucumber.testng.FeatureWrapper)[pri:0, instance:com.bdd.runner.TestRunner@1080b026]" started-at="2022-06-22T10:01:45 CEST" name="runScenario" description="Runs Cucumber Scenarios" data-provider="scenarios" finished-at="2022-06-22T10:01:47 CEST" duration-ms="1672" status="PASS">
          <params>
            <param index="0">
              <value>
                <![CDATA["Log in with correct email and password"]]>
              </value>
            </param>
            <param index="1">
              <value>
                <![CDATA["Optional[Login page features]"]]>
              </value>
            </param>
          </params>
          <reporter-output>
          </reporter-output>
        </test-method> <!-- runScenario -->
        <test-method signature="runScenario(io.cucumber.testng.PickleWrapper,io.cucumber.testng.FeatureWrapper)[pri:0, instance:com.bdd.runner.TestRunner@1080b026]" started-at="2022-06-22T10:01:47 CEST" name="runScenario" description="Runs Cucumber Scenarios" data-provider="scenarios" finished-at="2022-06-22T10:01:48 CEST" duration-ms="1539" status="PASS">
          <params>
            <param index="0">
              <value>
                <![CDATA["Log in with incorect email"]]>
              </value>
            </param>
            <param index="1">
              <value>
                <![CDATA["Optional[Login page features]"]]>
              </value>
            </param>
          </params>
          <reporter-output>
          </reporter-output>
        </test-method> <!-- runScenario -->
        <test-method signature="runScenario(io.cucumber.testng.PickleWrapper,io.cucumber.testng.FeatureWrapper)[pri:0, instance:com.bdd.runner.TestRunner@1080b026]" started-at="2022-06-22T10:01:48 CEST" name="runScenario" description="Runs Cucumber Scenarios" data-provider="scenarios" finished-at="2022-06-22T10:01:50 CEST" duration-ms="1611" status="PASS">
          <params>
            <param index="0">
              <value>
                <![CDATA["Log in with incorect password"]]>
              </value>
            </param>
            <param index="1">
              <value>
                <![CDATA["Optional[Login page features]"]]>
              </value>
            </param>
          </params>
          <reporter-output>
          </reporter-output>
        </test-method> <!-- runScenario -->
        <test-method signature="runScenario(io.cucumber.testng.PickleWrapper,io.cucumber.testng.FeatureWrapper)[pri:0, instance:com.bdd.runner.TestRunner@1080b026]" started-at="2022-06-22T10:01:50 CEST" name="runScenario" description="Runs Cucumber Scenarios" data-provider="scenarios" finished-at="2022-06-22T10:01:51 CEST" duration-ms="1510" status="PASS">
          <params>
            <param index="0">
              <value>
                <![CDATA["Find product, apple"]]>
              </value>
            </param>
            <param index="1">
              <value>
                <![CDATA["Optional[Product page features]"]]>
              </value>
            </param>
          </params>
          <reporter-output>
          </reporter-output>
        </test-method> <!-- runScenario -->
        <test-method signature="runScenario(io.cucumber.testng.PickleWrapper,io.cucumber.testng.FeatureWrapper)[pri:0, instance:com.bdd.runner.TestRunner@1080b026]" started-at="2022-06-22T10:01:51 CEST" name="runScenario" description="Runs Cucumber Scenarios" data-provider="scenarios" finished-at="2022-06-22T10:01:52 CEST" duration-ms="884" status="PASS">
          <params>
            <param index="0">
              <value>
                <![CDATA["Search for product that no one Have"]]>
              </value>
            </param>
            <param index="1">
              <value>
                <![CDATA["Optional[Product page features]"]]>
              </value>
            </param>
          </params>
          <reporter-output>
          </reporter-output>
        </test-method> <!-- runScenario -->
        <test-method signature="runScenario(io.cucumber.testng.PickleWrapper,io.cucumber.testng.FeatureWrapper)[pri:0, instance:com.bdd.runner.TestRunner@1080b026]" started-at="2022-06-22T10:01:52 CEST" name="runScenario" description="Runs Cucumber Scenarios" data-provider="scenarios" finished-at="2022-06-22T10:01:55 CEST" duration-ms="3359" status="PASS">
          <params>
            <param index="0">
              <value>
                <![CDATA["Check seller, product details, Log out and cart icon number on home page"]]>
              </value>
            </param>
            <param index="1">
              <value>
                <![CDATA["Optional[Product page features]"]]>
              </value>
            </param>
          </params>
          <reporter-output>
          </reporter-output>
        </test-method> <!-- runScenario -->
        <test-method signature="runScenario(io.cucumber.testng.PickleWrapper,io.cucumber.testng.FeatureWrapper)[pri:0, instance:com.bdd.runner.TestRunner@1080b026]" started-at="2022-06-22T10:01:55 CEST" name="runScenario" description="Runs Cucumber Scenarios" data-provider="scenarios" finished-at="2022-06-22T10:01:58 CEST" duration-ms="2519" status="PASS">
          <params>
            <param index="0">
              <value>
                <![CDATA["Sign in with the correct credentials"]]>
              </value>
            </param>
            <param index="1">
              <value>
                <![CDATA["Optional[Signin page features]"]]>
              </value>
            </param>
          </params>
          <reporter-output>
          </reporter-output>
        </test-method> <!-- runScenario -->
        <test-method signature="runScenario(io.cucumber.testng.PickleWrapper,io.cucumber.testng.FeatureWrapper)[pri:0, instance:com.bdd.runner.TestRunner@1080b026]" started-at="2022-06-22T10:01:58 CEST" name="runScenario" description="Runs Cucumber Scenarios" data-provider="scenarios" finished-at="2022-06-22T10:02:00 CEST" duration-ms="1716" status="PASS">
          <params>
            <param index="0">
              <value>
                <![CDATA["Sign in with the same correct credentials"]]>
              </value>
            </param>
            <param index="1">
              <value>
                <![CDATA["Optional[Signin page features]"]]>
              </value>
            </param>
          </params>
          <reporter-output>
          </reporter-output>
        </test-method> <!-- runScenario -->
        <test-method signature="runScenario(io.cucumber.testng.PickleWrapper,io.cucumber.testng.FeatureWrapper)[pri:0, instance:com.bdd.runner.TestRunner@1080b026]" started-at="2022-06-22T10:02:00 CEST" name="runScenario" description="Runs Cucumber Scenarios" data-provider="scenarios" finished-at="2022-06-22T10:02:01 CEST" duration-ms="1281" status="PASS">
          <params>
            <param index="0">
              <value>
                <![CDATA["Sign in with emty name input"]]>
              </value>
            </param>
            <param index="1">
              <value>
                <![CDATA["Optional[Signin page features]"]]>
              </value>
            </param>
          </params>
          <reporter-output>
          </reporter-output>
        </test-method> <!-- runScenario -->
        <test-method signature="runScenario(io.cucumber.testng.PickleWrapper,io.cucumber.testng.FeatureWrapper)[pri:0, instance:com.bdd.runner.TestRunner@1080b026]" started-at="2022-06-22T10:02:01 CEST" name="runScenario" description="Runs Cucumber Scenarios" data-provider="scenarios" finished-at="2022-06-22T10:02:02 CEST" duration-ms="1147" status="PASS">
          <params>
            <param index="0">
              <value>
                <![CDATA["Sign in with emty email input"]]>
              </value>
            </param>
            <param index="1">
              <value>
                <![CDATA["Optional[Signin page features]"]]>
              </value>
            </param>
          </params>
          <reporter-output>
          </reporter-output>
        </test-method> <!-- runScenario -->
        <test-method signature="runScenario(io.cucumber.testng.PickleWrapper,io.cucumber.testng.FeatureWrapper)[pri:0, instance:com.bdd.runner.TestRunner@1080b026]" started-at="2022-06-22T10:02:02 CEST" name="runScenario" description="Runs Cucumber Scenarios" data-provider="scenarios" finished-at="2022-06-22T10:02:03 CEST" duration-ms="1166" status="PASS">
          <params>
            <param index="0">
              <value>
                <![CDATA["Sign in with emty password input"]]>
              </value>
            </param>
            <param index="1">
              <value>
                <![CDATA["Optional[Signin page features]"]]>
              </value>
            </param>
          </params>
          <reporter-output>
          </reporter-output>
        </test-method> <!-- runScenario -->
        <test-method signature="runScenario(io.cucumber.testng.PickleWrapper,io.cucumber.testng.FeatureWrapper)[pri:0, instance:com.bdd.runner.TestRunner@1080b026]" started-at="2022-06-22T10:02:03 CEST" name="runScenario" description="Runs Cucumber Scenarios" data-provider="scenarios" finished-at="2022-06-22T10:02:05 CEST" duration-ms="2085" status="PASS">
          <params>
            <param index="0">
              <value>
                <![CDATA["Warning message check"]]>
              </value>
            </param>
            <param index="1">
              <value>
                <![CDATA["Optional[User panel page feature]"]]>
              </value>
            </param>
          </params>
          <reporter-output>
          </reporter-output>
        </test-method> <!-- runScenario -->
        <test-method signature="runScenario(io.cucumber.testng.PickleWrapper,io.cucumber.testng.FeatureWrapper)[pri:0, instance:com.bdd.runner.TestRunner@1080b026]" started-at="2022-06-22T10:02:05 CEST" name="runScenario" description="Runs Cucumber Scenarios" data-provider="scenarios" finished-at="2022-06-22T10:02:09 CEST" duration-ms="3735" status="PASS">
          <params>
            <param index="0">
              <value>
                <![CDATA["Warning message check"]]>
              </value>
            </param>
            <param index="1">
              <value>
                <![CDATA["Optional[User panel page feature]"]]>
              </value>
            </param>
          </params>
          <reporter-output>
          </reporter-output>
        </test-method> <!-- runScenario -->
        <test-method signature="runScenario(io.cucumber.testng.PickleWrapper,io.cucumber.testng.FeatureWrapper)[pri:0, instance:com.bdd.runner.TestRunner@1080b026]" started-at="2022-06-22T10:02:09 CEST" name="runScenario" description="Runs Cucumber Scenarios" data-provider="scenarios" finished-at="2022-06-22T10:02:12 CEST" duration-ms="3096" status="PASS">
          <params>
            <param index="0">
              <value>
                <![CDATA["Warning message check"]]>
              </value>
            </param>
            <param index="1">
              <value>
                <![CDATA["Optional[User panel page feature]"]]>
              </value>
            </param>
          </params>
          <reporter-output>
          </reporter-output>
        </test-method> <!-- runScenario -->
        <test-method signature="runScenario(io.cucumber.testng.PickleWrapper,io.cucumber.testng.FeatureWrapper)[pri:0, instance:com.bdd.runner.TestRunner@1080b026]" started-at="2022-06-22T10:02:12 CEST" name="runScenario" description="Runs Cucumber Scenarios" data-provider="scenarios" finished-at="2022-06-22T10:02:20 CEST" duration-ms="8251" status="PASS">
          <params>
            <param index="0">
              <value>
                <![CDATA["Warning message check"]]>
              </value>
            </param>
            <param index="1">
              <value>
                <![CDATA["Optional[User panel page feature]"]]>
              </value>
            </param>
          </params>
          <reporter-output>
          </reporter-output>
        </test-method> <!-- runScenario -->
        <test-method signature="runScenario(io.cucumber.testng.PickleWrapper,io.cucumber.testng.FeatureWrapper)[pri:0, instance:com.bdd.runner.TestRunner@1080b026]" started-at="2022-06-22T10:02:20 CEST" name="runScenario" description="Runs Cucumber Scenarios" data-provider="scenarios" finished-at="2022-06-22T10:02:22 CEST" duration-ms="1905" status="PASS">
          <params>
            <param index="0">
              <value>
                <![CDATA["log in private user and check if panel is displayed"]]>
              </value>
            </param>
            <param index="1">
              <value>
                <![CDATA["Optional[User panel page feature]"]]>
              </value>
            </param>
          </params>
          <reporter-output>
          </reporter-output>
        </test-method> <!-- runScenario -->
        <test-method is-config="true" signature="tearDownClass()[pri:0, instance:com.bdd.runner.TestRunner@1080b026]" started-at="2022-06-22T10:02:22 CEST" name="tearDownClass" finished-at="2022-06-22T10:02:23 CEST" duration-ms="366" status="PASS">
          <reporter-output>
          </reporter-output>
        </test-method> <!-- tearDownClass -->
      </class> <!-- com.bdd.runner.TestRunner -->
    </test> <!-- Surefire test -->
  </suite> <!-- Surefire suite -->
</testng-results>
