<?xml version="1.0" encoding="UTF-8"?>
<testsuite xmlns:xsi="http://www.w3.org/2001/XMLSchema-instance" xsi:noNamespaceSchemaLocation="https://maven.apache.org/surefire/maven-surefire-plugin/xsd/surefire-test-report.xsd" name="com.bdd.runner.TestRunner" time="16.571" tests="45" errors="0" skipped="0" failures="37">
  <properties>
[...]
</properties>
  <testcase name="runScenario" classname="com.bdd.runner.TestRunner" time="0.213">
    <failure message="The step &apos;User navigates to the application&apos; and 3 other step(s) are undefined.&#10;You can implement these steps using the snippet(s) below:&#10;&#10;@Given(&quot;User navigates to the application&quot;)&#10;public void user_navigates_to_the_application() {&#10;    // Write code here that turns the phrase above into concrete actions&#10;    throw new io.cucumber.java.PendingException();&#10;}&#10;@When(&quot;User clicks on the {string}&quot;)&#10;public void user_clicks_on_the(String string) {&#10;    // Write code here that turns the phrase above into concrete actions&#10;    throw new io.cucumber.java.PendingException();&#10;}&#10;@Then(&quot;User is send to {string} page&quot;)&#10;public void user_is_send_to_page(String string) {&#10;    // Write code here that turns the phrase above into concrete actions&#10;    throw new io.cucumber.java.PendingException();&#10;}&#10;@Then(&quot;Checks if there is sign in and sign up dropdown tab&quot;)&#10;public void checks_if_there_is_sign_in_and_sign_up_dropdown_tab() {&#10;    // Write code here that turns the phrase above into concrete actions&#10;    throw new io.cucumber.java.PendingException();&#10;}&#10;" type="io.cucumber.testng.UndefinedStepException">io.cucumber.testng.UndefinedStepException: 
The step 'User navigates to the application' and 3 other step(s) are undefined.
You can implement these steps using the snippet(s) below:

@Given("User navigates to the application")
public void user_navigates_to_the_application() {
    // Write code here that turns the phrase above into concrete actions
    throw new io.cucumber.java.PendingException();
}
@When("User clicks on the {string}")
public void user_clicks_on_the(String string) {
    // Write code here that turns the phrase above into concrete actions
    throw new io.cucumber.java.PendingException();
}
@Then("User is send to {string} page")
public void user_is_send_to_page(String string) {
    // Write code here that turns the phrase above into concrete actions
    throw new io.cucumber.java.PendingException();
}
@Then("Checks if there is sign in and sign up dropdown tab")
public void checks_if_there_is_sign_in_and_sign_up_dropdown_tab() {
    // Write code here that turns the phrase above into concrete actions
    throw new io.cucumber.java.PendingException();
}

</failure>
    <system-out><![CDATA[
@allAppFeatures @businessSignupPageFeatures @businessSignUpWithoutMarkingConfirmationCheckbox
Scenario Outline: Business sign up with empty Name field             # src/test/resources/features/BusinessSignupPage.feature:21
  Given User navigates to the application
  When User clicks on the "sell"
  Then User is send to "businessSignUp" page
  And User fill in credentials without marking confirmation checkbox # com.bdd.steps.BusinessSignupPageSteps.user_fill_in_credentials_without_marking_confirmation_checkbox()
  And Add product "kalafior"                                         # com.bdd.steps.CoomonSteps.add_products(java.lang.String)
  Then "kalafior" is added to seller offer, appears on the page      # com.bdd.steps.CoomonSteps.product_is_added_to_seller_offer_appears_on_the_page(java.lang.String)
  And User clicks red cancel button to delete "kalafior" product     # com.bdd.steps.CoomonSteps.user_clicks_red_cancel_button_to_delete_product(java.lang.String)
  Then "kalafior" disappears from the list                           # com.bdd.steps.CoomonSteps.product_disappears_from_the_list(java.lang.String)
  And Add product "kalafior"                                         # com.bdd.steps.CoomonSteps.add_products(java.lang.String)
  Then "kalafior" is added to seller offer, appears on the page      # com.bdd.steps.CoomonSteps.product_is_added_to_seller_offer_appears_on_the_page(java.lang.String)
  When User clicks submit button                                     # com.bdd.steps.BusinessSignupPageSteps.user_clicks_submit_button()
  Then Checks if there is sign in and sign up dropdown tab
]]></system-out>
  </testcase>
  <testcase name="runScenario" classname="com.bdd.runner.TestRunner" time="0.049">
    <failure message="The step &apos;User navigates to the application&apos; and 3 other step(s) are undefined.&#10;You can implement these steps using the snippet(s) below:&#10;&#10;@Given(&quot;User navigates to the application&quot;)&#10;public void user_navigates_to_the_application() {&#10;    // Write code here that turns the phrase above into concrete actions&#10;    throw new io.cucumber.java.PendingException();&#10;}&#10;@When(&quot;User clicks on the {string}&quot;)&#10;public void user_clicks_on_the(String string) {&#10;    // Write code here that turns the phrase above into concrete actions&#10;    throw new io.cucumber.java.PendingException();&#10;}&#10;@Then(&quot;User is send to {string} page&quot;)&#10;public void user_is_send_to_page(String string) {&#10;    // Write code here that turns the phrase above into concrete actions&#10;    throw new io.cucumber.java.PendingException();&#10;}&#10;@Then(&quot;Checks if there is sign in and sign up dropdown tab&quot;)&#10;public void checks_if_there_is_sign_in_and_sign_up_dropdown_tab() {&#10;    // Write code here that turns the phrase above into concrete actions&#10;    throw new io.cucumber.java.PendingException();&#10;}&#10;" type="io.cucumber.testng.UndefinedStepException">io.cucumber.testng.UndefinedStepException: 
The step 'User navigates to the application' and 3 other step(s) are undefined.
You can implement these steps using the snippet(s) below:

@Given("User navigates to the application")
public void user_navigates_to_the_application() {
    // Write code here that turns the phrase above into concrete actions
    throw new io.cucumber.java.PendingException();
}
@When("User clicks on the {string}")
public void user_clicks_on_the(String string) {
    // Write code here that turns the phrase above into concrete actions
    throw new io.cucumber.java.PendingException();
}
@Then("User is send to {string} page")
public void user_is_send_to_page(String string) {
    // Write code here that turns the phrase above into concrete actions
    throw new io.cucumber.java.PendingException();
}
@Then("Checks if there is sign in and sign up dropdown tab")
public void checks_if_there_is_sign_in_and_sign_up_dropdown_tab() {
    // Write code here that turns the phrase above into concrete actions
    throw new io.cucumber.java.PendingException();
}

</failure>
    <system-out><![CDATA[
@allAppFeatures @businessSignupPageFeatures @businessSignUpWithInvalidEmail
Scenario Outline: Business sign up with invalid email            # src/test/resources/features/BusinessSignupPage.feature:40
  Given User navigates to the application
  When User clicks on the "sell"
  Then User is send to "businessSignUp" page
  When User fill in credentials with invalid email               # com.bdd.steps.BusinessSignupPageSteps.user_fill_in_credentials_with_invalid_email()
  And Add product "kalafior"                                     # com.bdd.steps.CoomonSteps.add_products(java.lang.String)
  Then "kalafior" is added to seller offer, appears on the page  # com.bdd.steps.CoomonSteps.product_is_added_to_seller_offer_appears_on_the_page(java.lang.String)
  And User clicks red cancel button to delete "kalafior" product # com.bdd.steps.CoomonSteps.user_clicks_red_cancel_button_to_delete_product(java.lang.String)
  Then "kalafior" disappears from the list                       # com.bdd.steps.CoomonSteps.product_disappears_from_the_list(java.lang.String)
  And Add product "kalafior"                                     # com.bdd.steps.CoomonSteps.add_products(java.lang.String)
  Then "kalafior" is added to seller offer, appears on the page  # com.bdd.steps.CoomonSteps.product_is_added_to_seller_offer_appears_on_the_page(java.lang.String)
  When User clicks submit button                                 # com.bdd.steps.BusinessSignupPageSteps.user_clicks_submit_button()
  Then Checks if there is sign in and sign up dropdown tab
]]></system-out>
  </testcase>
  <testcase name="runScenario" classname="com.bdd.runner.TestRunner" time="0.08">
    <failure message="The step &apos;User navigates to the application&apos; and 3 other step(s) are undefined.&#10;You can implement these steps using the snippet(s) below:&#10;&#10;@Given(&quot;User navigates to the application&quot;)&#10;public void user_navigates_to_the_application() {&#10;    // Write code here that turns the phrase above into concrete actions&#10;    throw new io.cucumber.java.PendingException();&#10;}&#10;@When(&quot;User clicks on the {string}&quot;)&#10;public void user_clicks_on_the(String string) {&#10;    // Write code here that turns the phrase above into concrete actions&#10;    throw new io.cucumber.java.PendingException();&#10;}&#10;@Then(&quot;User is send to {string} page&quot;)&#10;public void user_is_send_to_page(String string) {&#10;    // Write code here that turns the phrase above into concrete actions&#10;    throw new io.cucumber.java.PendingException();&#10;}&#10;@Then(&quot;Checks if there is sign in and sign up dropdown tab&quot;)&#10;public void checks_if_there_is_sign_in_and_sign_up_dropdown_tab() {&#10;    // Write code here that turns the phrase above into concrete actions&#10;    throw new io.cucumber.java.PendingException();&#10;}&#10;" type="io.cucumber.testng.UndefinedStepException">io.cucumber.testng.UndefinedStepException: 
The step 'User navigates to the application' and 3 other step(s) are undefined.
You can implement these steps using the snippet(s) below:

@Given("User navigates to the application")
public void user_navigates_to_the_application() {
    // Write code here that turns the phrase above into concrete actions
    throw new io.cucumber.java.PendingException();
}
@When("User clicks on the {string}")
public void user_clicks_on_the(String string) {
    // Write code here that turns the phrase above into concrete actions
    throw new io.cucumber.java.PendingException();
}
@Then("User is send to {string} page")
public void user_is_send_to_page(String string) {
    // Write code here that turns the phrase above into concrete actions
    throw new io.cucumber.java.PendingException();
}
@Then("Checks if there is sign in and sign up dropdown tab")
public void checks_if_there_is_sign_in_and_sign_up_dropdown_tab() {
    // Write code here that turns the phrase above into concrete actions
    throw new io.cucumber.java.PendingException();
}

</failure>
    <system-out><![CDATA[
@allAppFeatures @businessSignupPageFeatures @businessSignUpWithEmptyNameField
Scenario Outline: Business sign up with empty Name field         # src/test/resources/features/BusinessSignupPage.feature:59
  Given User navigates to the application
  When User clicks on the "sell"
  Then User is send to "businessSignUp" page
  When User fill in credentials with empty password field        # com.bdd.steps.BusinessSignupPageSteps.user_fill_in_credentials_with_empty_password_field()
  And Add product "kalafior"                                     # com.bdd.steps.CoomonSteps.add_products(java.lang.String)
  Then "kalafior" is added to seller offer, appears on the page  # com.bdd.steps.CoomonSteps.product_is_added_to_seller_offer_appears_on_the_page(java.lang.String)
  And User clicks red cancel button to delete "kalafior" product # com.bdd.steps.CoomonSteps.user_clicks_red_cancel_button_to_delete_product(java.lang.String)
  Then "kalafior" disappears from the list                       # com.bdd.steps.CoomonSteps.product_disappears_from_the_list(java.lang.String)
  And Add product "kalafior"                                     # com.bdd.steps.CoomonSteps.add_products(java.lang.String)
  Then "kalafior" is added to seller offer, appears on the page  # com.bdd.steps.CoomonSteps.product_is_added_to_seller_offer_appears_on_the_page(java.lang.String)
  When User clicks submit button                                 # com.bdd.steps.BusinessSignupPageSteps.user_clicks_submit_button()
  Then Checks if there is sign in and sign up dropdown tab
]]></system-out>
  </testcase>
  <testcase name="runScenario" classname="com.bdd.runner.TestRunner" time="0.025">
    <failure message="The step &apos;User navigates to the application&apos; and 3 other step(s) are undefined.&#10;You can implement these steps using the snippet(s) below:&#10;&#10;@Given(&quot;User navigates to the application&quot;)&#10;public void user_navigates_to_the_application() {&#10;    // Write code here that turns the phrase above into concrete actions&#10;    throw new io.cucumber.java.PendingException();&#10;}&#10;@When(&quot;User clicks on the {string}&quot;)&#10;public void user_clicks_on_the(String string) {&#10;    // Write code here that turns the phrase above into concrete actions&#10;    throw new io.cucumber.java.PendingException();&#10;}&#10;@Then(&quot;User is send to {string} page&quot;)&#10;public void user_is_send_to_page(String string) {&#10;    // Write code here that turns the phrase above into concrete actions&#10;    throw new io.cucumber.java.PendingException();&#10;}&#10;@Then(&quot;Checks if there is sign in and sign up dropdown tab&quot;)&#10;public void checks_if_there_is_sign_in_and_sign_up_dropdown_tab() {&#10;    // Write code here that turns the phrase above into concrete actions&#10;    throw new io.cucumber.java.PendingException();&#10;}&#10;" type="io.cucumber.testng.UndefinedStepException">io.cucumber.testng.UndefinedStepException: 
The step 'User navigates to the application' and 3 other step(s) are undefined.
You can implement these steps using the snippet(s) below:

@Given("User navigates to the application")
public void user_navigates_to_the_application() {
    // Write code here that turns the phrase above into concrete actions
    throw new io.cucumber.java.PendingException();
}
@When("User clicks on the {string}")
public void user_clicks_on_the(String string) {
    // Write code here that turns the phrase above into concrete actions
    throw new io.cucumber.java.PendingException();
}
@Then("User is send to {string} page")
public void user_is_send_to_page(String string) {
    // Write code here that turns the phrase above into concrete actions
    throw new io.cucumber.java.PendingException();
}
@Then("Checks if there is sign in and sign up dropdown tab")
public void checks_if_there_is_sign_in_and_sign_up_dropdown_tab() {
    // Write code here that turns the phrase above into concrete actions
    throw new io.cucumber.java.PendingException();
}

</failure>
    <system-out><![CDATA[
@allAppFeatures @businessSignupPageFeatures @businessSignUpWithEmptyPasswordField
Scenario Outline: Business sign up with empty password field     # src/test/resources/features/BusinessSignupPage.feature:78
  Given User navigates to the application
  When User clicks on the "sell"
  Then User is send to "businessSignUp" page
  When User fill in credentials with empty Name field            # com.bdd.steps.BusinessSignupPageSteps.user_fill_in_credentials_with_empty_name_field()
  And Add product "kalafior"                                     # com.bdd.steps.CoomonSteps.add_products(java.lang.String)
  Then "kalafior" is added to seller offer, appears on the page  # com.bdd.steps.CoomonSteps.product_is_added_to_seller_offer_appears_on_the_page(java.lang.String)
  And User clicks red cancel button to delete "kalafior" product # com.bdd.steps.CoomonSteps.user_clicks_red_cancel_button_to_delete_product(java.lang.String)
  Then "kalafior" disappears from the list                       # com.bdd.steps.CoomonSteps.product_disappears_from_the_list(java.lang.String)
  And Add product "kalafior"                                     # com.bdd.steps.CoomonSteps.add_products(java.lang.String)
  Then "kalafior" is added to seller offer, appears on the page  # com.bdd.steps.CoomonSteps.product_is_added_to_seller_offer_appears_on_the_page(java.lang.String)
  When User clicks submit button                                 # com.bdd.steps.BusinessSignupPageSteps.user_clicks_submit_button()
  Then Checks if there is sign in and sign up dropdown tab
]]></system-out>
  </testcase>
  <testcase name="runScenario" classname="com.bdd.runner.TestRunner" time="0.047">
    <failure message="The step &apos;User navigates to the application&apos; and 3 other step(s) are undefined.&#10;You can implement these steps using the snippet(s) below:&#10;&#10;@Given(&quot;User navigates to the application&quot;)&#10;public void user_navigates_to_the_application() {&#10;    // Write code here that turns the phrase above into concrete actions&#10;    throw new io.cucumber.java.PendingException();&#10;}&#10;@When(&quot;User clicks on the {string}&quot;)&#10;public void user_clicks_on_the(String string) {&#10;    // Write code here that turns the phrase above into concrete actions&#10;    throw new io.cucumber.java.PendingException();&#10;}&#10;@Then(&quot;User is send to {string} page&quot;)&#10;public void user_is_send_to_page(String string) {&#10;    // Write code here that turns the phrase above into concrete actions&#10;    throw new io.cucumber.java.PendingException();&#10;}&#10;@Then(&quot;Checks if there is sign in and sign up dropdown tab&quot;)&#10;public void checks_if_there_is_sign_in_and_sign_up_dropdown_tab() {&#10;    // Write code here that turns the phrase above into concrete actions&#10;    throw new io.cucumber.java.PendingException();&#10;}&#10;" type="io.cucumber.testng.UndefinedStepException">io.cucumber.testng.UndefinedStepException: 
The step 'User navigates to the application' and 3 other step(s) are undefined.
You can implement these steps using the snippet(s) below:

@Given("User navigates to the application")
public void user_navigates_to_the_application() {
    // Write code here that turns the phrase above into concrete actions
    throw new io.cucumber.java.PendingException();
}
@When("User clicks on the {string}")
public void user_clicks_on_the(String string) {
    // Write code here that turns the phrase above into concrete actions
    throw new io.cucumber.java.PendingException();
}
@Then("User is send to {string} page")
public void user_is_send_to_page(String string) {
    // Write code here that turns the phrase above into concrete actions
    throw new io.cucumber.java.PendingException();
}
@Then("Checks if there is sign in and sign up dropdown tab")
public void checks_if_there_is_sign_in_and_sign_up_dropdown_tab() {
    // Write code here that turns the phrase above into concrete actions
    throw new io.cucumber.java.PendingException();
}

</failure>
    <system-out><![CDATA[
@allAppFeatures @businessSignupPageFeatures @businessSignUpWithEmptyEmailField
Scenario Outline: Business sign up with empty email field        # src/test/resources/features/BusinessSignupPage.feature:97
  Given User navigates to the application
  When User clicks on the "sell"
  Then User is send to "businessSignUp" page
  When User fill in credentials with empty email field           # com.bdd.steps.BusinessSignupPageSteps.user_fill_in_credentials_with_empty_email_field()
  And Add product "kalafior"                                     # com.bdd.steps.CoomonSteps.add_products(java.lang.String)
  Then "kalafior" is added to seller offer, appears on the page  # com.bdd.steps.CoomonSteps.product_is_added_to_seller_offer_appears_on_the_page(java.lang.String)
  And User clicks red cancel button to delete "kalafior" product # com.bdd.steps.CoomonSteps.user_clicks_red_cancel_button_to_delete_product(java.lang.String)
  Then "kalafior" disappears from the list                       # com.bdd.steps.CoomonSteps.product_disappears_from_the_list(java.lang.String)
  And Add product "kalafior"                                     # com.bdd.steps.CoomonSteps.add_products(java.lang.String)
  Then "kalafior" is added to seller offer, appears on the page  # com.bdd.steps.CoomonSteps.product_is_added_to_seller_offer_appears_on_the_page(java.lang.String)
  When User clicks submit button                                 # com.bdd.steps.BusinessSignupPageSteps.user_clicks_submit_button()
  Then Checks if there is sign in and sign up dropdown tab
]]></system-out>
  </testcase>
  <testcase name="runScenario" classname="com.bdd.runner.TestRunner" time="0.079">
    <failure message="The step &apos;User navigates to the application&apos; and 3 other step(s) are undefined.&#10;You can implement these steps using the snippet(s) below:&#10;&#10;@Given(&quot;User navigates to the application&quot;)&#10;public void user_navigates_to_the_application() {&#10;    // Write code here that turns the phrase above into concrete actions&#10;    throw new io.cucumber.java.PendingException();&#10;}&#10;@When(&quot;User clicks on the {string}&quot;)&#10;public void user_clicks_on_the(String string) {&#10;    // Write code here that turns the phrase above into concrete actions&#10;    throw new io.cucumber.java.PendingException();&#10;}&#10;@Then(&quot;User is send to {string} page&quot;)&#10;public void user_is_send_to_page(String string) {&#10;    // Write code here that turns the phrase above into concrete actions&#10;    throw new io.cucumber.java.PendingException();&#10;}&#10;@Then(&quot;Checks if there is sign in and sign up dropdown tab&quot;)&#10;public void checks_if_there_is_sign_in_and_sign_up_dropdown_tab() {&#10;    // Write code here that turns the phrase above into concrete actions&#10;    throw new io.cucumber.java.PendingException();&#10;}&#10;" type="io.cucumber.testng.UndefinedStepException">io.cucumber.testng.UndefinedStepException: 
The step 'User navigates to the application' and 3 other step(s) are undefined.
You can implement these steps using the snippet(s) below:

@Given("User navigates to the application")
public void user_navigates_to_the_application() {
    // Write code here that turns the phrase above into concrete actions
    throw new io.cucumber.java.PendingException();
}
@When("User clicks on the {string}")
public void user_clicks_on_the(String string) {
    // Write code here that turns the phrase above into concrete actions
    throw new io.cucumber.java.PendingException();
}
@Then("User is send to {string} page")
public void user_is_send_to_page(String string) {
    // Write code here that turns the phrase above into concrete actions
    throw new io.cucumber.java.PendingException();
}
@Then("Checks if there is sign in and sign up dropdown tab")
public void checks_if_there_is_sign_in_and_sign_up_dropdown_tab() {
    // Write code here that turns the phrase above into concrete actions
    throw new io.cucumber.java.PendingException();
}

</failure>
    <system-out><![CDATA[
@allAppFeatures @businessSignupPageFeatures @businessSignUpWithPostecodeField
Scenario Outline: Business sign up with empty postcode field     # src/test/resources/features/BusinessSignupPage.feature:116
  Given User navigates to the application
  When User clicks on the "sell"
  Then User is send to "businessSignUp" page
  When User fill in credentials with empty postecode field       # com.bdd.steps.BusinessSignupPageSteps.user_fill_in_credentials_with_empty_postecode_field()
  And Add product "kalafior"                                     # com.bdd.steps.CoomonSteps.add_products(java.lang.String)
  Then "kalafior" is added to seller offer, appears on the page  # com.bdd.steps.CoomonSteps.product_is_added_to_seller_offer_appears_on_the_page(java.lang.String)
  And User clicks red cancel button to delete "kalafior" product # com.bdd.steps.CoomonSteps.user_clicks_red_cancel_button_to_delete_product(java.lang.String)
  Then "kalafior" disappears from the list                       # com.bdd.steps.CoomonSteps.product_disappears_from_the_list(java.lang.String)
  And Add product "kalafior"                                     # com.bdd.steps.CoomonSteps.add_products(java.lang.String)
  Then "kalafior" is added to seller offer, appears on the page  # com.bdd.steps.CoomonSteps.product_is_added_to_seller_offer_appears_on_the_page(java.lang.String)
  When User clicks submit button                                 # com.bdd.steps.BusinessSignupPageSteps.user_clicks_submit_button()
  Then Checks if there is sign in and sign up dropdown tab
]]></system-out>
  </testcase>
  <testcase name="runScenario" classname="com.bdd.runner.TestRunner" time="0.031">
    <failure message="The step &apos;User navigates to the application&apos; and 3 other step(s) are undefined.&#10;You can implement these steps using the snippet(s) below:&#10;&#10;@Given(&quot;User navigates to the application&quot;)&#10;public void user_navigates_to_the_application() {&#10;    // Write code here that turns the phrase above into concrete actions&#10;    throw new io.cucumber.java.PendingException();&#10;}&#10;@When(&quot;User clicks on the {string}&quot;)&#10;public void user_clicks_on_the(String string) {&#10;    // Write code here that turns the phrase above into concrete actions&#10;    throw new io.cucumber.java.PendingException();&#10;}&#10;@Then(&quot;User is send to {string} page&quot;)&#10;public void user_is_send_to_page(String string) {&#10;    // Write code here that turns the phrase above into concrete actions&#10;    throw new io.cucumber.java.PendingException();&#10;}&#10;@Then(&quot;Checks if there is sign in and sign up dropdown tab&quot;)&#10;public void checks_if_there_is_sign_in_and_sign_up_dropdown_tab() {&#10;    // Write code here that turns the phrase above into concrete actions&#10;    throw new io.cucumber.java.PendingException();&#10;}&#10;" type="io.cucumber.testng.UndefinedStepException">io.cucumber.testng.UndefinedStepException: 
The step 'User navigates to the application' and 3 other step(s) are undefined.
You can implement these steps using the snippet(s) below:

@Given("User navigates to the application")
public void user_navigates_to_the_application() {
    // Write code here that turns the phrase above into concrete actions
    throw new io.cucumber.java.PendingException();
}
@When("User clicks on the {string}")
public void user_clicks_on_the(String string) {
    // Write code here that turns the phrase above into concrete actions
    throw new io.cucumber.java.PendingException();
}
@Then("User is send to {string} page")
public void user_is_send_to_page(String string) {
    // Write code here that turns the phrase above into concrete actions
    throw new io.cucumber.java.PendingException();
}
@Then("Checks if there is sign in and sign up dropdown tab")
public void checks_if_there_is_sign_in_and_sign_up_dropdown_tab() {
    // Write code here that turns the phrase above into concrete actions
    throw new io.cucumber.java.PendingException();
}

</failure>
    <system-out><![CDATA[
@allAppFeatures @businessSignupPageFeatures @businessSignUpWithCityField
Scenario Outline: Business sign up with empty city field         # src/test/resources/features/BusinessSignupPage.feature:135
  Given User navigates to the application
  When User clicks on the "sell"
  Then User is send to "businessSignUp" page
  When User fill in credentials with empty city field            # com.bdd.steps.BusinessSignupPageSteps.user_fill_in_credentials_with_empty_city_field()
  And Add product "kalafior"                                     # com.bdd.steps.CoomonSteps.add_products(java.lang.String)
  Then "kalafior" is added to seller offer, appears on the page  # com.bdd.steps.CoomonSteps.product_is_added_to_seller_offer_appears_on_the_page(java.lang.String)
  And User clicks red cancel button to delete "kalafior" product # com.bdd.steps.CoomonSteps.user_clicks_red_cancel_button_to_delete_product(java.lang.String)
  Then "kalafior" disappears from the list                       # com.bdd.steps.CoomonSteps.product_disappears_from_the_list(java.lang.String)
  And Add product "kalafior"                                     # com.bdd.steps.CoomonSteps.add_products(java.lang.String)
  Then "kalafior" is added to seller offer, appears on the page  # com.bdd.steps.CoomonSteps.product_is_added_to_seller_offer_appears_on_the_page(java.lang.String)
  When User clicks submit button                                 # com.bdd.steps.BusinessSignupPageSteps.user_clicks_submit_button()
  Then Checks if there is sign in and sign up dropdown tab
]]></system-out>
  </testcase>
  <testcase name="runScenario" classname="com.bdd.runner.TestRunner" time="0.029">
    <failure message="The step &apos;User navigates to the application&apos; and 3 other step(s) are undefined.&#10;You can implement these steps using the snippet(s) below:&#10;&#10;@Given(&quot;User navigates to the application&quot;)&#10;public void user_navigates_to_the_application() {&#10;    // Write code here that turns the phrase above into concrete actions&#10;    throw new io.cucumber.java.PendingException();&#10;}&#10;@When(&quot;User clicks on the {string}&quot;)&#10;public void user_clicks_on_the(String string) {&#10;    // Write code here that turns the phrase above into concrete actions&#10;    throw new io.cucumber.java.PendingException();&#10;}&#10;@Then(&quot;User is send to {string} page&quot;)&#10;public void user_is_send_to_page(String string) {&#10;    // Write code here that turns the phrase above into concrete actions&#10;    throw new io.cucumber.java.PendingException();&#10;}&#10;@Then(&quot;Checks if there is sign in and sign up dropdown tab&quot;)&#10;public void checks_if_there_is_sign_in_and_sign_up_dropdown_tab() {&#10;    // Write code here that turns the phrase above into concrete actions&#10;    throw new io.cucumber.java.PendingException();&#10;}&#10;" type="io.cucumber.testng.UndefinedStepException">io.cucumber.testng.UndefinedStepException: 
The step 'User navigates to the application' and 3 other step(s) are undefined.
You can implement these steps using the snippet(s) below:

@Given("User navigates to the application")
public void user_navigates_to_the_application() {
    // Write code here that turns the phrase above into concrete actions
    throw new io.cucumber.java.PendingException();
}
@When("User clicks on the {string}")
public void user_clicks_on_the(String string) {
    // Write code here that turns the phrase above into concrete actions
    throw new io.cucumber.java.PendingException();
}
@Then("User is send to {string} page")
public void user_is_send_to_page(String string) {
    // Write code here that turns the phrase above into concrete actions
    throw new io.cucumber.java.PendingException();
}
@Then("Checks if there is sign in and sign up dropdown tab")
public void checks_if_there_is_sign_in_and_sign_up_dropdown_tab() {
    // Write code here that turns the phrase above into concrete actions
    throw new io.cucumber.java.PendingException();
}

</failure>
    <system-out><![CDATA[
@allAppFeatures @businessSignupPageFeatures @businessSignUpWithStreetField
Scenario Outline: Business sign up with empty street field       # src/test/resources/features/BusinessSignupPage.feature:154
  Given User navigates to the application
  When User clicks on the "sell"
  Then User is send to "businessSignUp" page
  When User fill in credentials with empty street field          # com.bdd.steps.BusinessSignupPageSteps.user_fill_in_credentials_with_empty_street_field()
  And Add product "kalafior"                                     # com.bdd.steps.CoomonSteps.add_products(java.lang.String)
  Then "kalafior" is added to seller offer, appears on the page  # com.bdd.steps.CoomonSteps.product_is_added_to_seller_offer_appears_on_the_page(java.lang.String)
  And User clicks red cancel button to delete "kalafior" product # com.bdd.steps.CoomonSteps.user_clicks_red_cancel_button_to_delete_product(java.lang.String)
  Then "kalafior" disappears from the list                       # com.bdd.steps.CoomonSteps.product_disappears_from_the_list(java.lang.String)
  And Add product "kalafior"                                     # com.bdd.steps.CoomonSteps.add_products(java.lang.String)
  Then "kalafior" is added to seller offer, appears on the page  # com.bdd.steps.CoomonSteps.product_is_added_to_seller_offer_appears_on_the_page(java.lang.String)
  When User clicks submit button                                 # com.bdd.steps.BusinessSignupPageSteps.user_clicks_submit_button()
  Then Checks if there is sign in and sign up dropdown tab
]]></system-out>
  </testcase>
  <testcase name="runScenario" classname="com.bdd.runner.TestRunner" time="0.158">
    <failure message="The step &apos;User navigates to the application&apos; and 3 other step(s) are undefined.&#10;You can implement these steps using the snippet(s) below:&#10;&#10;@Given(&quot;User navigates to the application&quot;)&#10;public void user_navigates_to_the_application() {&#10;    // Write code here that turns the phrase above into concrete actions&#10;    throw new io.cucumber.java.PendingException();&#10;}&#10;@When(&quot;User clicks on the {string}&quot;)&#10;public void user_clicks_on_the(String string) {&#10;    // Write code here that turns the phrase above into concrete actions&#10;    throw new io.cucumber.java.PendingException();&#10;}&#10;@Then(&quot;User is send to {string} page&quot;)&#10;public void user_is_send_to_page(String string) {&#10;    // Write code here that turns the phrase above into concrete actions&#10;    throw new io.cucumber.java.PendingException();&#10;}&#10;@Then(&quot;Clicks on log out button&quot;)&#10;public void clicks_on_log_out_button() {&#10;    // Write code here that turns the phrase above into concrete actions&#10;    throw new io.cucumber.java.PendingException();&#10;}&#10;" type="io.cucumber.testng.UndefinedStepException">io.cucumber.testng.UndefinedStepException: 
The step 'User navigates to the application' and 3 other step(s) are undefined.
You can implement these steps using the snippet(s) below:

@Given("User navigates to the application")
public void user_navigates_to_the_application() {
    // Write code here that turns the phrase above into concrete actions
    throw new io.cucumber.java.PendingException();
}
@When("User clicks on the {string}")
public void user_clicks_on_the(String string) {
    // Write code here that turns the phrase above into concrete actions
    throw new io.cucumber.java.PendingException();
}
@Then("User is send to {string} page")
public void user_is_send_to_page(String string) {
    // Write code here that turns the phrase above into concrete actions
    throw new io.cucumber.java.PendingException();
}
@Then("Clicks on log out button")
public void clicks_on_log_out_button() {
    // Write code here that turns the phrase above into concrete actions
    throw new io.cucumber.java.PendingException();
}

</failure>
    <system-out><![CDATA[
@allAppFeatures @businessSignupPageFeatures @businessSignUpWithCorrectCredentials
Scenario Outline: Business sign up with correct credentials      # src/test/resources/features/BusinessSignupPage.feature:175
  Given User navigates to the application
  When User clicks on the "sell"
  Then User is send to "businessSignUp" page
  When User fill in credentials fields with correct data         # com.bdd.steps.BusinessSignupPageSteps.user_fill_in_credentials_fields_with_correct_data()
  And Add product "kalafior"                                     # com.bdd.steps.CoomonSteps.add_products(java.lang.String)
  Then "kalafior" is added to seller offer, appears on the page  # com.bdd.steps.CoomonSteps.product_is_added_to_seller_offer_appears_on_the_page(java.lang.String)
  And User clicks red cancel button to delete "kalafior" product # com.bdd.steps.CoomonSteps.user_clicks_red_cancel_button_to_delete_product(java.lang.String)
  Then "kalafior" disappears from the list                       # com.bdd.steps.CoomonSteps.product_disappears_from_the_list(java.lang.String)
  And Add product "kalafior"                                     # com.bdd.steps.CoomonSteps.add_products(java.lang.String)
  Then "kalafior" is added to seller offer, appears on the page  # com.bdd.steps.CoomonSteps.product_is_added_to_seller_offer_appears_on_the_page(java.lang.String)
  When User clicks submit button                                 # com.bdd.steps.BusinessSignupPageSteps.user_clicks_submit_button()
  And Accepts alert message                                      # com.bdd.steps.CoomonSteps.Accept_alert_message()
  Then User is signed in, confirmation inscription appears       # com.bdd.steps.BusinessSignupPageSteps.user_is_signed_in_confirmation_inscription_appears()
  And Clicks on log out button
]]></system-out>
  </testcase>
  <testcase name="runScenario" classname="com.bdd.runner.TestRunner" time="0.015">
    <failure message="The step &apos;User navigates to the application&apos; and 2 other step(s) are undefined.&#10;You can implement these steps using the snippet(s) below:&#10;&#10;@Given(&quot;User navigates to the application&quot;)&#10;public void user_navigates_to_the_application() {&#10;    // Write code here that turns the phrase above into concrete actions&#10;    throw new io.cucumber.java.PendingException();&#10;}&#10;@Then(&quot;Clicks on log out button&quot;)&#10;public void clicks_on_log_out_button() {&#10;    // Write code here that turns the phrase above into concrete actions&#10;    throw new io.cucumber.java.PendingException();&#10;}&#10;@Then(&quot;Checks if there is sign in and sign up dropdown tab&quot;)&#10;public void checks_if_there_is_sign_in_and_sign_up_dropdown_tab() {&#10;    // Write code here that turns the phrase above into concrete actions&#10;    throw new io.cucumber.java.PendingException();&#10;}&#10;" type="io.cucumber.testng.UndefinedStepException">io.cucumber.testng.UndefinedStepException: 
The step 'User navigates to the application' and 2 other step(s) are undefined.
You can implement these steps using the snippet(s) below:

@Given("User navigates to the application")
public void user_navigates_to_the_application() {
    // Write code here that turns the phrase above into concrete actions
    throw new io.cucumber.java.PendingException();
}
@Then("Clicks on log out button")
public void clicks_on_log_out_button() {
    // Write code here that turns the phrase above into concrete actions
    throw new io.cucumber.java.PendingException();
}
@Then("Checks if there is sign in and sign up dropdown tab")
public void checks_if_there_is_sign_in_and_sign_up_dropdown_tab() {
    // Write code here that turns the phrase above into concrete actions
    throw new io.cucumber.java.PendingException();
}

</failure>
    <system-out><![CDATA[
@allAppFeatures @cartPageFeatures @addDeleteButtonsCheck
Scenario: Add and delete items                                       # src/test/resources/features/CartPage.feature:5
  Given User navigates to the application
  When Logged in user put products to cart and navigate to cart page # com.bdd.steps.CoomonSteps.logged_in_user_put_products_to_cart_and_navigate_to_cart_page()
  And Add to cart one more item and delete                           # com.bdd.steps.CartPageSteps.add_one_more_first_item_to_cart()
  Then User checks if item is added                                  # com.bdd.steps.CartPageSteps.user_checks_if_item_is_added()
  And Deletes all items                                              # com.bdd.steps.CartPageSteps.deletes_all_items()
  Then User checks that no item left                                 # com.bdd.steps.CartPageSteps.user_checks_that_no_item_left()
  And Clicks on log out button
  Then Checks if there is sign in and sign up dropdown tab
]]></system-out>
  </testcase>
  <testcase name="runScenario" classname="com.bdd.runner.TestRunner" time="0.018">
    <failure message="The step &apos;User navigates to the application&apos; and 2 other step(s) are undefined.&#10;You can implement these steps using the snippet(s) below:&#10;&#10;@Given(&quot;User navigates to the application&quot;)&#10;public void user_navigates_to_the_application() {&#10;    // Write code here that turns the phrase above into concrete actions&#10;    throw new io.cucumber.java.PendingException();&#10;}&#10;@Then(&quot;Clicks on log out button&quot;)&#10;public void clicks_on_log_out_button() {&#10;    // Write code here that turns the phrase above into concrete actions&#10;    throw new io.cucumber.java.PendingException();&#10;}&#10;@Then(&quot;Checks if there is sign in and sign up dropdown tab&quot;)&#10;public void checks_if_there_is_sign_in_and_sign_up_dropdown_tab() {&#10;    // Write code here that turns the phrase above into concrete actions&#10;    throw new io.cucumber.java.PendingException();&#10;}&#10;" type="io.cucumber.testng.UndefinedStepException">io.cucumber.testng.UndefinedStepException: 
The step 'User navigates to the application' and 2 other step(s) are undefined.
You can implement these steps using the snippet(s) below:

@Given("User navigates to the application")
public void user_navigates_to_the_application() {
    // Write code here that turns the phrase above into concrete actions
    throw new io.cucumber.java.PendingException();
}
@Then("Clicks on log out button")
public void clicks_on_log_out_button() {
    // Write code here that turns the phrase above into concrete actions
    throw new io.cucumber.java.PendingException();
}
@Then("Checks if there is sign in and sign up dropdown tab")
public void checks_if_there_is_sign_in_and_sign_up_dropdown_tab() {
    // Write code here that turns the phrase above into concrete actions
    throw new io.cucumber.java.PendingException();
}

</failure>
    <system-out><![CDATA[
@allAppFeatures @cartPageFeatures @priceCounterCheck
Scenario Outline: Price counter check                                # src/test/resources/features/CartPage.feature:27
  Given User navigates to the application
  When Logged in user put products to cart and navigate to cart page # com.bdd.steps.CoomonSteps.logged_in_user_put_products_to_cart_and_navigate_to_cart_page()
  Then Checks if price have correct "80"                             # com.bdd.steps.CartPageSteps.checks_if_price_have_correct_amount(java.lang.String)
  And Add first item                                                 # com.bdd.steps.CartPageSteps.add_one_more_first_item()
  Then Checks if price have correct "110"                            # com.bdd.steps.CartPageSteps.checks_if_price_have_correct_amount(java.lang.String)
  And Clicks on log out button
  Then Checks if there is sign in and sign up dropdown tab
]]></system-out>
  </testcase>
  <testcase name="runScenario" classname="com.bdd.runner.TestRunner" time="0.019">
    <failure message="The step &apos;User navigates to the application&apos; and 2 other step(s) are undefined.&#10;You can implement these steps using the snippet(s) below:&#10;&#10;@Given(&quot;User navigates to the application&quot;)&#10;public void user_navigates_to_the_application() {&#10;    // Write code here that turns the phrase above into concrete actions&#10;    throw new io.cucumber.java.PendingException();&#10;}&#10;@Then(&quot;Clicks on log out button&quot;)&#10;public void clicks_on_log_out_button() {&#10;    // Write code here that turns the phrase above into concrete actions&#10;    throw new io.cucumber.java.PendingException();&#10;}&#10;@Then(&quot;Checks if there is sign in and sign up dropdown tab&quot;)&#10;public void checks_if_there_is_sign_in_and_sign_up_dropdown_tab() {&#10;    // Write code here that turns the phrase above into concrete actions&#10;    throw new io.cucumber.java.PendingException();&#10;}&#10;" type="io.cucumber.testng.UndefinedStepException">io.cucumber.testng.UndefinedStepException: 
The step 'User navigates to the application' and 2 other step(s) are undefined.
You can implement these steps using the snippet(s) below:

@Given("User navigates to the application")
public void user_navigates_to_the_application() {
    // Write code here that turns the phrase above into concrete actions
    throw new io.cucumber.java.PendingException();
}
@Then("Clicks on log out button")
public void clicks_on_log_out_button() {
    // Write code here that turns the phrase above into concrete actions
    throw new io.cucumber.java.PendingException();
}
@Then("Checks if there is sign in and sign up dropdown tab")
public void checks_if_there_is_sign_in_and_sign_up_dropdown_tab() {
    // Write code here that turns the phrase above into concrete actions
    throw new io.cucumber.java.PendingException();
}

</failure>
    <system-out><![CDATA[
@allAppFeatures @cartPageFeatures @requiredDeliveryMethodCheck
Scenario Outline: Required delivery method check                     # src/test/resources/features/CartPage.feature:42
  Given User navigates to the application
  When Logged in user put products to cart and navigate to cart page # com.bdd.steps.CoomonSteps.logged_in_user_put_products_to_cart_and_navigate_to_cart_page()
  And Select the payment method                                      # com.bdd.steps.CartPageSteps.select_the_payment_method()
  And Press order button                                             # com.bdd.steps.CartPageSteps.press_order_button()
  Then Checks if there is "paymentMethod" warning sign               # com.bdd.steps.CartPageSteps.checks_if_there_is_warning_sign(java.lang.String)
  And Clicks on x button of this worning sign                        # com.bdd.steps.CartPageSteps.clicks_on_x_button_of_this_worning_sign()
  And Clicks on log out button
  Then Checks if there is sign in and sign up dropdown tab
]]></system-out>
  </testcase>
  <testcase name="runScenario" classname="com.bdd.runner.TestRunner" time="0.009">
    <failure message="The step &apos;User navigates to the application&apos; and 2 other step(s) are undefined.&#10;You can implement these steps using the snippet(s) below:&#10;&#10;@Given(&quot;User navigates to the application&quot;)&#10;public void user_navigates_to_the_application() {&#10;    // Write code here that turns the phrase above into concrete actions&#10;    throw new io.cucumber.java.PendingException();&#10;}&#10;@Then(&quot;Clicks on log out button&quot;)&#10;public void clicks_on_log_out_button() {&#10;    // Write code here that turns the phrase above into concrete actions&#10;    throw new io.cucumber.java.PendingException();&#10;}&#10;@Then(&quot;Checks if there is sign in and sign up dropdown tab&quot;)&#10;public void checks_if_there_is_sign_in_and_sign_up_dropdown_tab() {&#10;    // Write code here that turns the phrase above into concrete actions&#10;    throw new io.cucumber.java.PendingException();&#10;}&#10;" type="io.cucumber.testng.UndefinedStepException">io.cucumber.testng.UndefinedStepException: 
The step 'User navigates to the application' and 2 other step(s) are undefined.
You can implement these steps using the snippet(s) below:

@Given("User navigates to the application")
public void user_navigates_to_the_application() {
    // Write code here that turns the phrase above into concrete actions
    throw new io.cucumber.java.PendingException();
}
@Then("Clicks on log out button")
public void clicks_on_log_out_button() {
    // Write code here that turns the phrase above into concrete actions
    throw new io.cucumber.java.PendingException();
}
@Then("Checks if there is sign in and sign up dropdown tab")
public void checks_if_there_is_sign_in_and_sign_up_dropdown_tab() {
    // Write code here that turns the phrase above into concrete actions
    throw new io.cucumber.java.PendingException();
}

</failure>
    <system-out><![CDATA[
@allAppFeatures @cartPageFeatures @buyersDetailsHaveBeenFilledInCheck
Scenario: Buyers details filled in check                             # src/test/resources/features/CartPage.feature:45
  Given User navigates to the application
  When Logged in user put products to cart and navigate to cart page # com.bdd.steps.CoomonSteps.logged_in_user_put_products_to_cart_and_navigate_to_cart_page()
  Then Checks name, house number, post code, town, email field       # com.bdd.steps.CartPageSteps.checks_name_house_number_post_code_town_email_field()
  And Clicks on log out button
  Then Checks if there is sign in and sign up dropdown tab
]]></system-out>
  </testcase>
  <testcase name="runScenario" classname="com.bdd.runner.TestRunner" time="0.008">
    <failure message="The step &apos;User navigates to the application&apos; and 2 other step(s) are undefined.&#10;You can implement these steps using the snippet(s) below:&#10;&#10;@Given(&quot;User navigates to the application&quot;)&#10;public void user_navigates_to_the_application() {&#10;    // Write code here that turns the phrase above into concrete actions&#10;    throw new io.cucumber.java.PendingException();&#10;}&#10;@Then(&quot;Clicks on log out button&quot;)&#10;public void clicks_on_log_out_button() {&#10;    // Write code here that turns the phrase above into concrete actions&#10;    throw new io.cucumber.java.PendingException();&#10;}&#10;@Then(&quot;Checks if there is sign in and sign up dropdown tab&quot;)&#10;public void checks_if_there_is_sign_in_and_sign_up_dropdown_tab() {&#10;    // Write code here that turns the phrase above into concrete actions&#10;    throw new io.cucumber.java.PendingException();&#10;}&#10;" type="io.cucumber.testng.UndefinedStepException">io.cucumber.testng.UndefinedStepException: 
The step 'User navigates to the application' and 2 other step(s) are undefined.
You can implement these steps using the snippet(s) below:

@Given("User navigates to the application")
public void user_navigates_to_the_application() {
    // Write code here that turns the phrase above into concrete actions
    throw new io.cucumber.java.PendingException();
}
@Then("Clicks on log out button")
public void clicks_on_log_out_button() {
    // Write code here that turns the phrase above into concrete actions
    throw new io.cucumber.java.PendingException();
}
@Then("Checks if there is sign in and sign up dropdown tab")
public void checks_if_there_is_sign_in_and_sign_up_dropdown_tab() {
    // Write code here that turns the phrase above into concrete actions
    throw new io.cucumber.java.PendingException();
}

</failure>
    <system-out><![CDATA[
@allAppFeatures @cartPageFeatures @recipientsDetailsErrorMessageCheck
Scenario Outline: Recipients details error message check             # src/test/resources/features/CartPage.feature:66
  Given User navigates to the application
  When Logged in user put products to cart and navigate to cart page # com.bdd.steps.CoomonSteps.logged_in_user_put_products_to_cart_and_navigate_to_cart_page()
  And Select the delivery method                                     # com.bdd.steps.CartPageSteps.select_the_delivery_method()
  And Select the payment method                                      # com.bdd.steps.CartPageSteps.select_the_payment_method()
  And Fill in the recipients details with blank "userName" field     # com.bdd.steps.CartPageSteps.fill_in_the_recipients_details_with_blank_field_name(java.lang.String)
  And Press order button                                             # com.bdd.steps.CartPageSteps.press_order_button()
  Then Checks if there is "userName" warning sign                    # com.bdd.steps.CartPageSteps.checks_if_there_is_warning_sign(java.lang.String)
  And Clicks on log out button
  Then Checks if there is sign in and sign up dropdown tab
]]></system-out>
  </testcase>
  <testcase name="runScenario" classname="com.bdd.runner.TestRunner" time="0.024">
    <failure message="The step &apos;User navigates to the application&apos; and 2 other step(s) are undefined.&#10;You can implement these steps using the snippet(s) below:&#10;&#10;@Given(&quot;User navigates to the application&quot;)&#10;public void user_navigates_to_the_application() {&#10;    // Write code here that turns the phrase above into concrete actions&#10;    throw new io.cucumber.java.PendingException();&#10;}&#10;@Then(&quot;Clicks on log out button&quot;)&#10;public void clicks_on_log_out_button() {&#10;    // Write code here that turns the phrase above into concrete actions&#10;    throw new io.cucumber.java.PendingException();&#10;}&#10;@Then(&quot;Checks if there is sign in and sign up dropdown tab&quot;)&#10;public void checks_if_there_is_sign_in_and_sign_up_dropdown_tab() {&#10;    // Write code here that turns the phrase above into concrete actions&#10;    throw new io.cucumber.java.PendingException();&#10;}&#10;" type="io.cucumber.testng.UndefinedStepException">io.cucumber.testng.UndefinedStepException: 
The step 'User navigates to the application' and 2 other step(s) are undefined.
You can implement these steps using the snippet(s) below:

@Given("User navigates to the application")
public void user_navigates_to_the_application() {
    // Write code here that turns the phrase above into concrete actions
    throw new io.cucumber.java.PendingException();
}
@Then("Clicks on log out button")
public void clicks_on_log_out_button() {
    // Write code here that turns the phrase above into concrete actions
    throw new io.cucumber.java.PendingException();
}
@Then("Checks if there is sign in and sign up dropdown tab")
public void checks_if_there_is_sign_in_and_sign_up_dropdown_tab() {
    // Write code here that turns the phrase above into concrete actions
    throw new io.cucumber.java.PendingException();
}

</failure>
    <system-out><![CDATA[
@allAppFeatures @cartPageFeatures @recipientsDetailsErrorMessageCheck
Scenario Outline: Recipients details error message check             # src/test/resources/features/CartPage.feature:67
  Given User navigates to the application
  When Logged in user put products to cart and navigate to cart page # com.bdd.steps.CoomonSteps.logged_in_user_put_products_to_cart_and_navigate_to_cart_page()
  And Select the delivery method                                     # com.bdd.steps.CartPageSteps.select_the_delivery_method()
  And Select the payment method                                      # com.bdd.steps.CartPageSteps.select_the_payment_method()
  And Fill in the recipients details with blank "street" field       # com.bdd.steps.CartPageSteps.fill_in_the_recipients_details_with_blank_field_name(java.lang.String)
  And Press order button                                             # com.bdd.steps.CartPageSteps.press_order_button()
  Then Checks if there is "street" warning sign                      # com.bdd.steps.CartPageSteps.checks_if_there_is_warning_sign(java.lang.String)
  And Clicks on log out button
  Then Checks if there is sign in and sign up dropdown tab
]]></system-out>
  </testcase>
  <testcase name="runScenario" classname="com.bdd.runner.TestRunner" time="0.023">
    <failure message="The step &apos;User navigates to the application&apos; and 2 other step(s) are undefined.&#10;You can implement these steps using the snippet(s) below:&#10;&#10;@Given(&quot;User navigates to the application&quot;)&#10;public void user_navigates_to_the_application() {&#10;    // Write code here that turns the phrase above into concrete actions&#10;    throw new io.cucumber.java.PendingException();&#10;}&#10;@Then(&quot;Clicks on log out button&quot;)&#10;public void clicks_on_log_out_button() {&#10;    // Write code here that turns the phrase above into concrete actions&#10;    throw new io.cucumber.java.PendingException();&#10;}&#10;@Then(&quot;Checks if there is sign in and sign up dropdown tab&quot;)&#10;public void checks_if_there_is_sign_in_and_sign_up_dropdown_tab() {&#10;    // Write code here that turns the phrase above into concrete actions&#10;    throw new io.cucumber.java.PendingException();&#10;}&#10;" type="io.cucumber.testng.UndefinedStepException">io.cucumber.testng.UndefinedStepException: 
The step 'User navigates to the application' and 2 other step(s) are undefined.
You can implement these steps using the snippet(s) below:

@Given("User navigates to the application")
public void user_navigates_to_the_application() {
    // Write code here that turns the phrase above into concrete actions
    throw new io.cucumber.java.PendingException();
}
@Then("Clicks on log out button")
public void clicks_on_log_out_button() {
    // Write code here that turns the phrase above into concrete actions
    throw new io.cucumber.java.PendingException();
}
@Then("Checks if there is sign in and sign up dropdown tab")
public void checks_if_there_is_sign_in_and_sign_up_dropdown_tab() {
    // Write code here that turns the phrase above into concrete actions
    throw new io.cucumber.java.PendingException();
}

</failure>
    <system-out><![CDATA[
@allAppFeatures @cartPageFeatures @recipientsDetailsErrorMessageCheck
Scenario Outline: Recipients details error message check             # src/test/resources/features/CartPage.feature:68
  Given User navigates to the application
  When Logged in user put products to cart and navigate to cart page # com.bdd.steps.CoomonSteps.logged_in_user_put_products_to_cart_and_navigate_to_cart_page()
  And Select the delivery method                                     # com.bdd.steps.CartPageSteps.select_the_delivery_method()
  And Select the payment method                                      # com.bdd.steps.CartPageSteps.select_the_payment_method()
  And Fill in the recipients details with blank "postCode" field     # com.bdd.steps.CartPageSteps.fill_in_the_recipients_details_with_blank_field_name(java.lang.String)
  And Press order button                                             # com.bdd.steps.CartPageSteps.press_order_button()
  Then Checks if there is "postCode" warning sign                    # com.bdd.steps.CartPageSteps.checks_if_there_is_warning_sign(java.lang.String)
  And Clicks on log out button
  Then Checks if there is sign in and sign up dropdown tab
]]></system-out>
  </testcase>
  <testcase name="runScenario" classname="com.bdd.runner.TestRunner" time="0.031">
    <failure message="The step &apos;User navigates to the application&apos; and 2 other step(s) are undefined.&#10;You can implement these steps using the snippet(s) below:&#10;&#10;@Given(&quot;User navigates to the application&quot;)&#10;public void user_navigates_to_the_application() {&#10;    // Write code here that turns the phrase above into concrete actions&#10;    throw new io.cucumber.java.PendingException();&#10;}&#10;@Then(&quot;Clicks on log out button&quot;)&#10;public void clicks_on_log_out_button() {&#10;    // Write code here that turns the phrase above into concrete actions&#10;    throw new io.cucumber.java.PendingException();&#10;}&#10;@Then(&quot;Checks if there is sign in and sign up dropdown tab&quot;)&#10;public void checks_if_there_is_sign_in_and_sign_up_dropdown_tab() {&#10;    // Write code here that turns the phrase above into concrete actions&#10;    throw new io.cucumber.java.PendingException();&#10;}&#10;" type="io.cucumber.testng.UndefinedStepException">io.cucumber.testng.UndefinedStepException: 
The step 'User navigates to the application' and 2 other step(s) are undefined.
You can implement these steps using the snippet(s) below:

@Given("User navigates to the application")
public void user_navigates_to_the_application() {
    // Write code here that turns the phrase above into concrete actions
    throw new io.cucumber.java.PendingException();
}
@Then("Clicks on log out button")
public void clicks_on_log_out_button() {
    // Write code here that turns the phrase above into concrete actions
    throw new io.cucumber.java.PendingException();
}
@Then("Checks if there is sign in and sign up dropdown tab")
public void checks_if_there_is_sign_in_and_sign_up_dropdown_tab() {
    // Write code here that turns the phrase above into concrete actions
    throw new io.cucumber.java.PendingException();
}

</failure>
    <system-out><![CDATA[
@allAppFeatures @cartPageFeatures @recipientsDetailsErrorMessageCheck
Scenario Outline: Recipients details error message check             # src/test/resources/features/CartPage.feature:69
  Given User navigates to the application
  When Logged in user put products to cart and navigate to cart page # com.bdd.steps.CoomonSteps.logged_in_user_put_products_to_cart_and_navigate_to_cart_page()
  And Select the delivery method                                     # com.bdd.steps.CartPageSteps.select_the_delivery_method()
  And Select the payment method                                      # com.bdd.steps.CartPageSteps.select_the_payment_method()
  And Fill in the recipients details with blank "town" field         # com.bdd.steps.CartPageSteps.fill_in_the_recipients_details_with_blank_field_name(java.lang.String)
  And Press order button                                             # com.bdd.steps.CartPageSteps.press_order_button()
  Then Checks if there is "town" warning sign                        # com.bdd.steps.CartPageSteps.checks_if_there_is_warning_sign(java.lang.String)
  And Clicks on log out button
  Then Checks if there is sign in and sign up dropdown tab
]]></system-out>
  </testcase>
  <testcase name="runScenario" classname="com.bdd.runner.TestRunner" time="0.095">
    <failure message="The step &apos;User navigates to the application&apos; and 2 other step(s) are undefined.&#10;You can implement these steps using the snippet(s) below:&#10;&#10;@Given(&quot;User navigates to the application&quot;)&#10;public void user_navigates_to_the_application() {&#10;    // Write code here that turns the phrase above into concrete actions&#10;    throw new io.cucumber.java.PendingException();&#10;}&#10;@Then(&quot;Clicks on log out button&quot;)&#10;public void clicks_on_log_out_button() {&#10;    // Write code here that turns the phrase above into concrete actions&#10;    throw new io.cucumber.java.PendingException();&#10;}&#10;@Then(&quot;Checks if there is sign in and sign up dropdown tab&quot;)&#10;public void checks_if_there_is_sign_in_and_sign_up_dropdown_tab() {&#10;    // Write code here that turns the phrase above into concrete actions&#10;    throw new io.cucumber.java.PendingException();&#10;}&#10;" type="io.cucumber.testng.UndefinedStepException">io.cucumber.testng.UndefinedStepException: 
The step 'User navigates to the application' and 2 other step(s) are undefined.
You can implement these steps using the snippet(s) below:

@Given("User navigates to the application")
public void user_navigates_to_the_application() {
    // Write code here that turns the phrase above into concrete actions
    throw new io.cucumber.java.PendingException();
}
@Then("Clicks on log out button")
public void clicks_on_log_out_button() {
    // Write code here that turns the phrase above into concrete actions
    throw new io.cucumber.java.PendingException();
}
@Then("Checks if there is sign in and sign up dropdown tab")
public void checks_if_there_is_sign_in_and_sign_up_dropdown_tab() {
    // Write code here that turns the phrase above into concrete actions
    throw new io.cucumber.java.PendingException();
}

</failure>
    <system-out><![CDATA[
@allAppFeatures @cartPageFeatures @recipientsDetailsErrorMessageCheck
Scenario Outline: Recipients details error message check             # src/test/resources/features/CartPage.feature:70
  Given User navigates to the application
  When Logged in user put products to cart and navigate to cart page # com.bdd.steps.CoomonSteps.logged_in_user_put_products_to_cart_and_navigate_to_cart_page()
  And Select the delivery method                                     # com.bdd.steps.CartPageSteps.select_the_delivery_method()
  And Select the payment method                                      # com.bdd.steps.CartPageSteps.select_the_payment_method()
  And Fill in the recipients details with blank "email" field        # com.bdd.steps.CartPageSteps.fill_in_the_recipients_details_with_blank_field_name(java.lang.String)
  And Press order button                                             # com.bdd.steps.CartPageSteps.press_order_button()
  Then Checks if there is "email" warning sign                       # com.bdd.steps.CartPageSteps.checks_if_there_is_warning_sign(java.lang.String)
  And Clicks on log out button
  Then Checks if there is sign in and sign up dropdown tab
]]></system-out>
  </testcase>
  <testcase name="runScenario" classname="com.bdd.runner.TestRunner" time="0.018">
    <failure message="The step &apos;User navigates to the application&apos; and 2 other step(s) are undefined.&#10;You can implement these steps using the snippet(s) below:&#10;&#10;@Given(&quot;User navigates to the application&quot;)&#10;public void user_navigates_to_the_application() {&#10;    // Write code here that turns the phrase above into concrete actions&#10;    throw new io.cucumber.java.PendingException();&#10;}&#10;@Then(&quot;Clicks on log out button&quot;)&#10;public void clicks_on_log_out_button() {&#10;    // Write code here that turns the phrase above into concrete actions&#10;    throw new io.cucumber.java.PendingException();&#10;}&#10;@Then(&quot;Checks if there is sign in and sign up dropdown tab&quot;)&#10;public void checks_if_there_is_sign_in_and_sign_up_dropdown_tab() {&#10;    // Write code here that turns the phrase above into concrete actions&#10;    throw new io.cucumber.java.PendingException();&#10;}&#10;" type="io.cucumber.testng.UndefinedStepException">io.cucumber.testng.UndefinedStepException: 
The step 'User navigates to the application' and 2 other step(s) are undefined.
You can implement these steps using the snippet(s) below:

@Given("User navigates to the application")
public void user_navigates_to_the_application() {
    // Write code here that turns the phrase above into concrete actions
    throw new io.cucumber.java.PendingException();
}
@Then("Clicks on log out button")
public void clicks_on_log_out_button() {
    // Write code here that turns the phrase above into concrete actions
    throw new io.cucumber.java.PendingException();
}
@Then("Checks if there is sign in and sign up dropdown tab")
public void checks_if_there_is_sign_in_and_sign_up_dropdown_tab() {
    // Write code here that turns the phrase above into concrete actions
    throw new io.cucumber.java.PendingException();
}

</failure>
    <system-out><![CDATA[
@allAppFeatures @cartPageFeatures @recipientsDetailsErrorMessageCheck
Scenario Outline: Recipients details error message check             # src/test/resources/features/CartPage.feature:71
  Given User navigates to the application
  When Logged in user put products to cart and navigate to cart page # com.bdd.steps.CoomonSteps.logged_in_user_put_products_to_cart_and_navigate_to_cart_page()
  And Select the delivery method                                     # com.bdd.steps.CartPageSteps.select_the_delivery_method()
  And Select the payment method                                      # com.bdd.steps.CartPageSteps.select_the_payment_method()
  And Fill in the recipients details with blank "telephone" field    # com.bdd.steps.CartPageSteps.fill_in_the_recipients_details_with_blank_field_name(java.lang.String)
  And Press order button                                             # com.bdd.steps.CartPageSteps.press_order_button()
  Then Checks if there is "telephone" warning sign                   # com.bdd.steps.CartPageSteps.checks_if_there_is_warning_sign(java.lang.String)
  And Clicks on log out button
  Then Checks if there is sign in and sign up dropdown tab
]]></system-out>
  </testcase>
  <testcase name="runScenario" classname="com.bdd.runner.TestRunner" time="0.031">
    <failure message="The step &apos;User navigates to the application&apos; and 2 other step(s) are undefined.&#10;You can implement these steps using the snippet(s) below:&#10;&#10;@Given(&quot;User navigates to the application&quot;)&#10;public void user_navigates_to_the_application() {&#10;    // Write code here that turns the phrase above into concrete actions&#10;    throw new io.cucumber.java.PendingException();&#10;}&#10;@Then(&quot;Clicks on log out button&quot;)&#10;public void clicks_on_log_out_button() {&#10;    // Write code here that turns the phrase above into concrete actions&#10;    throw new io.cucumber.java.PendingException();&#10;}&#10;@Then(&quot;Checks if there is sign in and sign up dropdown tab&quot;)&#10;public void checks_if_there_is_sign_in_and_sign_up_dropdown_tab() {&#10;    // Write code here that turns the phrase above into concrete actions&#10;    throw new io.cucumber.java.PendingException();&#10;}&#10;" type="io.cucumber.testng.UndefinedStepException">io.cucumber.testng.UndefinedStepException: 
The step 'User navigates to the application' and 2 other step(s) are undefined.
You can implement these steps using the snippet(s) below:

@Given("User navigates to the application")
public void user_navigates_to_the_application() {
    // Write code here that turns the phrase above into concrete actions
    throw new io.cucumber.java.PendingException();
}
@Then("Clicks on log out button")
public void clicks_on_log_out_button() {
    // Write code here that turns the phrase above into concrete actions
    throw new io.cucumber.java.PendingException();
}
@Then("Checks if there is sign in and sign up dropdown tab")
public void checks_if_there_is_sign_in_and_sign_up_dropdown_tab() {
    // Write code here that turns the phrase above into concrete actions
    throw new io.cucumber.java.PendingException();
}

</failure>
    <system-out><![CDATA[
@allAppFeatures @cartPageFeatures @validOrderCheck
Scenario: Valid order check                                          # src/test/resources/features/CartPage.feature:74
  Given User navigates to the application
  When Logged in user put products to cart and navigate to cart page # com.bdd.steps.CoomonSteps.logged_in_user_put_products_to_cart_and_navigate_to_cart_page()
  And Select the delivery method                                     # com.bdd.steps.CartPageSteps.select_the_delivery_method()
  And Select the payment method                                      # com.bdd.steps.CartPageSteps.select_the_payment_method()
  And Fill in telephone input                                        # com.bdd.steps.CartPageSteps.fill_in_telephone_input()
  And Press order button                                             # com.bdd.steps.CartPageSteps.press_order_button()
  Then Checks order confirmation text                                # com.bdd.steps.CoomonSteps.checks_order_confirmation_text()
  And Clicks on log out button
  Then Checks if there is sign in and sign up dropdown tab
]]></system-out>
  </testcase>
  <testcase name="runScenario" classname="com.bdd.runner.TestRunner" time="5.544"/>
  <testcase name="runScenario" classname="com.bdd.runner.TestRunner" time="0.521"/>
  <testcase name="runScenario" classname="com.bdd.runner.TestRunner" time="0.316"/>
  <testcase name="runScenario" classname="com.bdd.runner.TestRunner" time="0.427"/>
  <testcase name="runScenario" classname="com.bdd.runner.TestRunner" time="0.743"/>
  <testcase name="runScenario" classname="com.bdd.runner.TestRunner" time="1.332"/>
  <testcase name="runScenario" classname="com.bdd.runner.TestRunner" time="0.683"/>
  <testcase name="runScenario" classname="com.bdd.runner.TestRunner" time="0.168">
    <failure message="The step &apos;I click on the left carusel arrow button&apos; and 1 other step(s) are undefined.&#10;You can implement these steps using the snippet(s) below:&#10;&#10;@When(&quot;I click on the left carusel arrow button&quot;)&#10;public void i_click_on_the_left_carusel_arrow_button() {&#10;    // Write code here that turns the phrase above into concrete actions&#10;    throw new io.cucumber.java.PendingException();&#10;}&#10;@Then(&quot;I click on the right corusel arrow button&quot;)&#10;public void i_click_on_the_right_corusel_arrow_button() {&#10;    // Write code here that turns the phrase above into concrete actions&#10;    throw new io.cucumber.java.PendingException();&#10;}&#10;" type="io.cucumber.testng.UndefinedStepException">io.cucumber.testng.UndefinedStepException: 
The step 'I click on the left carusel arrow button' and 1 other step(s) are undefined.
You can implement these steps using the snippet(s) below:

@When("I click on the left carusel arrow button")
public void i_click_on_the_left_carusel_arrow_button() {
    // Write code here that turns the phrase above into concrete actions
    throw new io.cucumber.java.PendingException();
}
@Then("I click on the right corusel arrow button")
public void i_click_on_the_right_corusel_arrow_button() {
    // Write code here that turns the phrase above into concrete actions
    throw new io.cucumber.java.PendingException();
}

</failure>
    <system-out><![CDATA[
@allAppFeatures @homePageFeatures @checkCarouselButtons
Scenario Outline: Check carousel buttons        # src/test/resources/features/HomePage.feature:41
  Given I navigate to the application           # com.bdd.steps.CoomonSteps.user_navigates_to_the_application()
  When I click on the left carusel arrow button
  Then Carousel goes left                       # com.bdd.steps.HomePageSteps.carousel_goes_left()
  And I click on the right corusel arrow button
  Then Carusel goes right                       # com.bdd.steps.HomePageSteps.carusel_goes_right()
]]></system-out>
  </testcase>
  <testcase name="runScenario" classname="com.bdd.runner.TestRunner" time="3.314"/>
  <testcase name="runScenario" classname="com.bdd.runner.TestRunner" time="0.037">
    <failure message="The step &apos;User navigates to the application&apos; and 4 other step(s) are undefined.&#10;You can implement these steps using the snippet(s) below:&#10;&#10;@Given(&quot;User navigates to the application&quot;)&#10;public void user_navigates_to_the_application() {&#10;    // Write code here that turns the phrase above into concrete actions&#10;    throw new io.cucumber.java.PendingException();&#10;}&#10;@When(&quot;User clicks on the {string}&quot;)&#10;public void user_clicks_on_the(String string) {&#10;    // Write code here that turns the phrase above into concrete actions&#10;    throw new io.cucumber.java.PendingException();&#10;}&#10;@When(&quot;Log in with correct credential&quot;)&#10;public void log_in_with_correct_credential() {&#10;    // Write code here that turns the phrase above into concrete actions&#10;    throw new io.cucumber.java.PendingException();&#10;}&#10;@Then(&quot;Clicks on log out button&quot;)&#10;public void clicks_on_log_out_button() {&#10;    // Write code here that turns the phrase above into concrete actions&#10;    throw new io.cucumber.java.PendingException();&#10;}&#10;@Then(&quot;Checks if there is sign in and sign up dropdown tab&quot;)&#10;public void checks_if_there_is_sign_in_and_sign_up_dropdown_tab() {&#10;    // Write code here that turns the phrase above into concrete actions&#10;    throw new io.cucumber.java.PendingException();&#10;}&#10;" type="io.cucumber.testng.UndefinedStepException">io.cucumber.testng.UndefinedStepException: 
The step 'User navigates to the application' and 4 other step(s) are undefined.
You can implement these steps using the snippet(s) below:

@Given("User navigates to the application")
public void user_navigates_to_the_application() {
    // Write code here that turns the phrase above into concrete actions
    throw new io.cucumber.java.PendingException();
}
@When("User clicks on the {string}")
public void user_clicks_on_the(String string) {
    // Write code here that turns the phrase above into concrete actions
    throw new io.cucumber.java.PendingException();
}
@When("Log in with correct credential")
public void log_in_with_correct_credential() {
    // Write code here that turns the phrase above into concrete actions
    throw new io.cucumber.java.PendingException();
}
@Then("Clicks on log out button")
public void clicks_on_log_out_button() {
    // Write code here that turns the phrase above into concrete actions
    throw new io.cucumber.java.PendingException();
}
@Then("Checks if there is sign in and sign up dropdown tab")
public void checks_if_there_is_sign_in_and_sign_up_dropdown_tab() {
    // Write code here that turns the phrase above into concrete actions
    throw new io.cucumber.java.PendingException();
}

</failure>
    <system-out><![CDATA[
@allAppFeatures @loginPageFeatures @logInWithCorrectCredential
Scenario Outline: Log in with correct email and password   # src/test/resources/features/LoginPage.feature:15
  Given User navigates to the application
  When User clicks on the "login"
  And Log in with correct credential
  Then Checks, if he is logged in                          # com.bdd.steps.LoginPageSteps.Check_if_he_is_logged_in()
  And Clicks on log out button
  Then Checks if there is sign in and sign up dropdown tab
]]></system-out>
  </testcase>
  <testcase name="runScenario" classname="com.bdd.runner.TestRunner" time="0.11">
    <failure message="The step &apos;User navigates to the application&apos; and 2 other step(s) are undefined.&#10;You can implement these steps using the snippet(s) below:&#10;&#10;@Given(&quot;User navigates to the application&quot;)&#10;public void user_navigates_to_the_application() {&#10;    // Write code here that turns the phrase above into concrete actions&#10;    throw new io.cucumber.java.PendingException();&#10;}&#10;@When(&quot;User clicks on the {string}&quot;)&#10;public void user_clicks_on_the(String string) {&#10;    // Write code here that turns the phrase above into concrete actions&#10;    throw new io.cucumber.java.PendingException();&#10;}&#10;@Then(&quot;Checks if there is sign in and sign up dropdown tab&quot;)&#10;public void checks_if_there_is_sign_in_and_sign_up_dropdown_tab() {&#10;    // Write code here that turns the phrase above into concrete actions&#10;    throw new io.cucumber.java.PendingException();&#10;}&#10;" type="io.cucumber.testng.UndefinedStepException">io.cucumber.testng.UndefinedStepException: 
The step 'User navigates to the application' and 2 other step(s) are undefined.
You can implement these steps using the snippet(s) below:

@Given("User navigates to the application")
public void user_navigates_to_the_application() {
    // Write code here that turns the phrase above into concrete actions
    throw new io.cucumber.java.PendingException();
}
@When("User clicks on the {string}")
public void user_clicks_on_the(String string) {
    // Write code here that turns the phrase above into concrete actions
    throw new io.cucumber.java.PendingException();
}
@Then("Checks if there is sign in and sign up dropdown tab")
public void checks_if_there_is_sign_in_and_sign_up_dropdown_tab() {
    // Write code here that turns the phrase above into concrete actions
    throw new io.cucumber.java.PendingException();
}

</failure>
    <system-out><![CDATA[
@allAppFeatures @loginPageFeatures @logInWithIncorrectEmail
Scenario Outline: Log in with incorect email               # src/test/resources/features/LoginPage.feature:26
  Given User navigates to the application
  When User clicks on the "login"
  And Log in with incorrect email                          # com.bdd.steps.LoginPageSteps.log_in_with_correct_email()
  Then Checks if there is sign in and sign up dropdown tab
]]></system-out>
  </testcase>
  <testcase name="runScenario" classname="com.bdd.runner.TestRunner" time="0.029">
[...]
    throw new io.cucumber.java.PendingException();
}

</failure>
    <system-out><![CDATA[
@allAppFeatures @signinPagefeatures @signInWithEmptyPassword
Scenario Outline: Sign in with emty password input         # src/test/resources/features/SigninPage.feature:59
  Given User navigates to the application
  When User clicks on the "signUp"
  And Sign in with empty password input                    # com.bdd.steps.SigninPageSteps.sign_in_with_empty_password_input()
  Then Checks if there is sign in and sign up dropdown tab
]]></system-out>
  </testcase>
  <testcase name="runScenario" classname="com.bdd.runner.TestRunner" time="0.022">
    <failure message="The step &apos;User navigates to the application&apos; and 2 other step(s) are undefined.&#10;You can implement these steps using the snippet(s) below:&#10;&#10;@Given(&quot;User navigates to the application&quot;)&#10;public void user_navigates_to_the_application() {&#10;    // Write code here that turns the phrase above into concrete actions&#10;    throw new io.cucumber.java.PendingException();&#10;}&#10;@Then(&quot;Clicks on log out button&quot;)&#10;public void clicks_on_log_out_button() {&#10;    // Write code here that turns the phrase above into concrete actions&#10;    throw new io.cucumber.java.PendingException();&#10;}&#10;@Then(&quot;Checks if there is sign in and sign up dropdown tab&quot;)&#10;public void checks_if_there_is_sign_in_and_sign_up_dropdown_tab() {&#10;    // Write code here that turns the phrase above into concrete actions&#10;    throw new io.cucumber.java.PendingException();&#10;}&#10;" type="io.cucumber.testng.UndefinedStepException">io.cucumber.testng.UndefinedStepException: 
The step 'User navigates to the application' and 2 other step(s) are undefined.
You can implement these steps using the snippet(s) below:

@Given("User navigates to the application")
public void user_navigates_to_the_application() {
    // Write code here that turns the phrase above into concrete actions
    throw new io.cucumber.java.PendingException();
}
@Then("Clicks on log out button")
public void clicks_on_log_out_button() {
    // Write code here that turns the phrase above into concrete actions
    throw new io.cucumber.java.PendingException();
}
@Then("Checks if there is sign in and sign up dropdown tab")
public void checks_if_there_is_sign_in_and_sign_up_dropdown_tab() {
    // Write code here that turns the phrase above into concrete actions
    throw new io.cucumber.java.PendingException();
}

</failure>
    <system-out><![CDATA[
@allAppFeatures @userPanelPageFeatures @userInformationCheck
Scenario Outline: Warning message check                    # src/test/resources/features/UserPanelPage.feature:14
  Given User navigates to the application
  When Logged in "business" user goes to user panel        # com.bdd.steps.UserPanelPageSteps.logged_in_user_goes_to_user_panel(java.lang.String)
  Then Checks user information fields                      # com.bdd.steps.UserPanelPageSteps.checks_user_information_fields()
  And Clicks on log out button
  Then Checks if there is sign in and sign up dropdown tab
]]></system-out>
  </testcase>
  <testcase name="runScenario" classname="com.bdd.runner.TestRunner" time="0.025">
    <failure message="The step &apos;User navigates to the application&apos; and 2 other step(s) are undefined.&#10;You can implement these steps using the snippet(s) below:&#10;&#10;@Given(&quot;User navigates to the application&quot;)&#10;public void user_navigates_to_the_application() {&#10;    // Write code here that turns the phrase above into concrete actions&#10;    throw new io.cucumber.java.PendingException();&#10;}&#10;@Then(&quot;Clicks on log out button&quot;)&#10;public void clicks_on_log_out_button() {&#10;    // Write code here that turns the phrase above into concrete actions&#10;    throw new io.cucumber.java.PendingException();&#10;}&#10;@Then(&quot;Checks if there is sign in and sign up dropdown tab&quot;)&#10;public void checks_if_there_is_sign_in_and_sign_up_dropdown_tab() {&#10;    // Write code here that turns the phrase above into concrete actions&#10;    throw new io.cucumber.java.PendingException();&#10;}&#10;" type="io.cucumber.testng.UndefinedStepException">io.cucumber.testng.UndefinedStepException: 
The step 'User navigates to the application' and 2 other step(s) are undefined.
You can implement these steps using the snippet(s) below:

@Given("User navigates to the application")
public void user_navigates_to_the_application() {
    // Write code here that turns the phrase above into concrete actions
    throw new io.cucumber.java.PendingException();
}
@Then("Clicks on log out button")
public void clicks_on_log_out_button() {
    // Write code here that turns the phrase above into concrete actions
    throw new io.cucumber.java.PendingException();
}
@Then("Checks if there is sign in and sign up dropdown tab")
public void checks_if_there_is_sign_in_and_sign_up_dropdown_tab() {
    // Write code here that turns the phrase above into concrete actions
    throw new io.cucumber.java.PendingException();
}

</failure>
    <system-out><![CDATA[
@allAppFeatures @userPanelPageFeatures @warningMessageCheck
Scenario Outline: Warning message check                    # src/test/resources/features/UserPanelPage.feature:36
  Given User navigates to the application
  When Logged in "business" user goes to user panel        # com.bdd.steps.UserPanelPageSteps.logged_in_user_goes_to_user_panel(java.lang.String)
  And Clicks on the pencil icon button                     # com.bdd.steps.UserPanelPageSteps.clicks_on_the_pencil_icon_button()
  Then Checks if edit panel is open                        # com.bdd.steps.UserPanelPageSteps.checks_if_edit_panel_is_open()
  And Changes town name on "Warszawa"                      # com.bdd.steps.UserPanelPageSteps.changes_town_name_on(java.lang.String)
  And Clicks on confirm button                             # com.bdd.steps.UserPanelPageSteps.clicks_on_confirm_button()
  Then Checks town warning  message content                # com.bdd.steps.UserPanelPageSteps.checks_town_warning_message_content()
  And Clicks x button in the warning message               # com.bdd.steps.UserPanelPageSteps.clicks_x_button_in_the_warning_message()
  And Changes town name on "PÅ‚oÅ„sk"                        # com.bdd.steps.UserPanelPageSteps.changes_town_name_on(java.lang.String)
  And Changes email                                        # com.bdd.steps.UserPanelPageSteps.changes_email()
  And Clicks on confirm button                             # com.bdd.steps.UserPanelPageSteps.clicks_on_confirm_button()
  Then Checks email warning message content                # com.bdd.steps.UserPanelPageSteps.checks_email_warning_message_content()
  And Clicks x button in the warning message               # com.bdd.steps.UserPanelPageSteps.clicks_x_button_in_the_warning_message()
  And Clicks on log out button
  Then Checks if there is sign in and sign up dropdown tab
]]></system-out>
  </testcase>
  <testcase name="runScenario" classname="com.bdd.runner.TestRunner" time="0.023">
    <failure message="The step &apos;User navigates to the application&apos; and 2 other step(s) are undefined.&#10;You can implement these steps using the snippet(s) below:&#10;&#10;@Given(&quot;User navigates to the application&quot;)&#10;public void user_navigates_to_the_application() {&#10;    // Write code here that turns the phrase above into concrete actions&#10;    throw new io.cucumber.java.PendingException();&#10;}&#10;@Then(&quot;Clicks on log out button&quot;)&#10;public void clicks_on_log_out_button() {&#10;    // Write code here that turns the phrase above into concrete actions&#10;    throw new io.cucumber.java.PendingException();&#10;}&#10;@Then(&quot;Checks if there is sign in and sign up dropdown tab&quot;)&#10;public void checks_if_there_is_sign_in_and_sign_up_dropdown_tab() {&#10;    // Write code here that turns the phrase above into concrete actions&#10;    throw new io.cucumber.java.PendingException();&#10;}&#10;" type="io.cucumber.testng.UndefinedStepException">io.cucumber.testng.UndefinedStepException: 
The step 'User navigates to the application' and 2 other step(s) are undefined.
You can implement these steps using the snippet(s) below:

@Given("User navigates to the application")
public void user_navigates_to_the_application() {
    // Write code here that turns the phrase above into concrete actions
    throw new io.cucumber.java.PendingException();
}
@Then("Clicks on log out button")
public void clicks_on_log_out_button() {
    // Write code here that turns the phrase above into concrete actions
    throw new io.cucumber.java.PendingException();
}
@Then("Checks if there is sign in and sign up dropdown tab")
public void checks_if_there_is_sign_in_and_sign_up_dropdown_tab() {
    // Write code here that turns the phrase above into concrete actions
    throw new io.cucumber.java.PendingException();
}

</failure>
    <system-out><![CDATA[
@allAppFeatures @userPanelPageFeatures @addAndDeleteItemCheck
Scenario Outline: Warning message check                           # src/test/resources/features/UserPanelPage.feature:52
  Given User navigates to the application
  When Logged in "business" user goes to user panel               # com.bdd.steps.UserPanelPageSteps.logged_in_user_goes_to_user_panel(java.lang.String)
  And Clicks on the pencil icon button                            # com.bdd.steps.UserPanelPageSteps.clicks_on_the_pencil_icon_button()
  And Add product "winogrono"                                     # com.bdd.steps.CoomonSteps.add_products(java.lang.String)
  Then "winogrono" is added to seller offer, appears on the page  # com.bdd.steps.CoomonSteps.product_is_added_to_seller_offer_appears_on_the_page(java.lang.String)
  And User clicks red cancel button to delete "winogrono" product # com.bdd.steps.CoomonSteps.user_clicks_red_cancel_button_to_delete_product(java.lang.String)
  Then "winogrono" disappears from the list                       # com.bdd.steps.CoomonSteps.product_disappears_from_the_list(java.lang.String)
  And Clicks on log out button
  Then Checks if there is sign in and sign up dropdown tab
]]></system-out>
  </testcase>
  <testcase name="runScenario" classname="com.bdd.runner.TestRunner" time="0.053">
    <failure message="The step &apos;User navigates to the application&apos; and 8 other step(s) are undefined.&#10;You can implement these steps using the snippet(s) below:&#10;&#10;@Given(&quot;User navigates to the application&quot;)&#10;public void user_navigates_to_the_application() {&#10;    // Write code here that turns the phrase above into concrete actions&#10;    throw new io.cucumber.java.PendingException();&#10;}&#10;@Then(&quot;Navigate to the home page&quot;)&#10;public void navigate_to_the_home_page() {&#10;    // Write code here that turns the phrase above into concrete actions&#10;    throw new io.cucumber.java.PendingException();&#10;}&#10;@Then(&quot;User types {string} name&quot;)&#10;public void user_types_name(String string) {&#10;    // Write code here that turns the phrase above into concrete actions&#10;    throw new io.cucumber.java.PendingException();&#10;}&#10;@Then(&quot;Choose product&quot;)&#10;public void choose_product() {&#10;    // Write code here that turns the phrase above into concrete actions&#10;    throw new io.cucumber.java.PendingException();&#10;}&#10;@Then(&quot;Clicks on the product details button&quot;)&#10;public void clicks_on_the_product_details_button() {&#10;    // Write code here that turns the phrase above into concrete actions&#10;    throw new io.cucumber.java.PendingException();&#10;}&#10;@Then(&quot;User is send to product seller details tab&quot;)&#10;public void user_is_send_to_product_seller_details_tab() {&#10;    // Write code here that turns the phrase above into concrete actions&#10;    throw new io.cucumber.java.PendingException();&#10;}&#10;@Then(&quot;Add products to cart, one of each kind&quot;)&#10;public void add_products_to_cart_one_of_each_kind() {&#10;    // Write code here that turns the phrase above into concrete actions&#10;    throw new io.cucumber.java.PendingException();&#10;}&#10;@Then(&quot;Clicks on log out button&quot;)&#10;public void clicks_on_log_out_button() {&#10;    // Write code here that turns the phrase above into concrete actions&#10;    throw new io.cucumber.java.PendingException();&#10;}&#10;@Then(&quot;Checks if there is sign in and sign up dropdown tab&quot;)&#10;public void checks_if_there_is_sign_in_and_sign_up_dropdown_tab() {&#10;    // Write code here that turns the phrase above into concrete actions&#10;    throw new io.cucumber.java.PendingException();&#10;}&#10;" type="io.cucumber.testng.UndefinedStepException">io.cucumber.testng.UndefinedStepException: 
The step 'User navigates to the application' and 8 other step(s) are undefined.
You can implement these steps using the snippet(s) below:

@Given("User navigates to the application")
public void user_navigates_to_the_application() {
    // Write code here that turns the phrase above into concrete actions
    throw new io.cucumber.java.PendingException();
}
@Then("Navigate to the home page")
public void navigate_to_the_home_page() {
    // Write code here that turns the phrase above into concrete actions
    throw new io.cucumber.java.PendingException();
}
@Then("User types {string} name")
public void user_types_name(String string) {
    // Write code here that turns the phrase above into concrete actions
    throw new io.cucumber.java.PendingException();
}
@Then("Choose product")
public void choose_product() {
    // Write code here that turns the phrase above into concrete actions
    throw new io.cucumber.java.PendingException();
}
@Then("Clicks on the product details button")
public void clicks_on_the_product_details_button() {
    // Write code here that turns the phrase above into concrete actions
    throw new io.cucumber.java.PendingException();
}
@Then("User is send to product seller details tab")
public void user_is_send_to_product_seller_details_tab() {
    // Write code here that turns the phrase above into concrete actions
    throw new io.cucumber.java.PendingException();
}
@Then("Add products to cart, one of each kind")
public void add_products_to_cart_one_of_each_kind() {
    // Write code here that turns the phrase above into concrete actions
    throw new io.cucumber.java.PendingException();
}
@Then("Clicks on log out button")
public void clicks_on_log_out_button() {
    // Write code here that turns the phrase above into concrete actions
    throw new io.cucumber.java.PendingException();
}
@Then("Checks if there is sign in and sign up dropdown tab")
public void checks_if_there_is_sign_in_and_sign_up_dropdown_tab() {
    // Write code here that turns the phrase above into concrete actions
    throw new io.cucumber.java.PendingException();
}

</failure>
    <system-out><![CDATA[
@allAppFeatures @userPanelPageFeatures @addOrderAndCheckIfDetailsAreCorrect
Scenario Outline: Warning message check                        # src/test/resources/features/UserPanelPage.feature:82
  Given User navigates to the application
  When Logged in "business" user goes to user panel            # com.bdd.steps.UserPanelPageSteps.logged_in_user_goes_to_user_panel(java.lang.String)
  Then Checks if orders arent present                          # com.bdd.steps.UserPanelPageSteps.checks_if_there_is_any_order()
  And Navigate to the home page
  And User types "jabÅ‚ko" name
  And Choose product
  And Clicks on the product details button
  Then User is send to product seller details tab
  And Add products to cart, one of each kind
  And Navigate to cart Page                                    # com.bdd.steps.CoomonSteps.navigate_to_cart_page()
  And Select the delivery method                               # com.bdd.steps.CartPageSteps.select_the_delivery_method()
  And Select the payment method                                # com.bdd.steps.CartPageSteps.select_the_payment_method()
  And Fill in telephone input                                  # com.bdd.steps.CartPageSteps.fill_in_telephone_input()
  And Press order button                                       # com.bdd.steps.CartPageSteps.press_order_button()
  Then Checks order confirmation text                          # com.bdd.steps.CoomonSteps.checks_order_confirmation_text()
  And User goes to user panel                                  # com.bdd.steps.CoomonSteps.user_goes_to_user_panel()
  Then Checks if header is correct                             # com.bdd.steps.UserPanelPageSteps.checks_if_header_is_correct_and_order_is_present()
  And Clicks order details link                                # com.bdd.steps.UserPanelPageSteps.clicks_order_details_link()
  Then User goes to order detail card and checks order details # com.bdd.steps.UserPanelPageSteps.user_goes_to_order_detail_card_and_checks_order_details()
  And Clicks seller details button                             # com.bdd.steps.UserPanelPageSteps.clicks_seller_details_button()
  Then Checks seller details                                   # com.bdd.steps.UserPanelPageSteps.checks_seller_details()
  And Clicks on log out button
  Then Checks if there is sign in and sign up dropdown tab
]]></system-out>
  </testcase>
  <testcase name="runScenario" classname="com.bdd.runner.TestRunner" time="0.011">
    <failure message="The step &apos;User navigates to the application&apos; and 2 other step(s) are undefined.&#10;You can implement these steps using the snippet(s) below:&#10;&#10;@Given(&quot;User navigates to the application&quot;)&#10;public void user_navigates_to_the_application() {&#10;    // Write code here that turns the phrase above into concrete actions&#10;    throw new io.cucumber.java.PendingException();&#10;}&#10;@Then(&quot;Clicks on log out button&quot;)&#10;public void clicks_on_log_out_button() {&#10;    // Write code here that turns the phrase above into concrete actions&#10;    throw new io.cucumber.java.PendingException();&#10;}&#10;@Then(&quot;Checks if there is sign in and sign up dropdown tab&quot;)&#10;public void checks_if_there_is_sign_in_and_sign_up_dropdown_tab() {&#10;    // Write code here that turns the phrase above into concrete actions&#10;    throw new io.cucumber.java.PendingException();&#10;}&#10;" type="io.cucumber.testng.UndefinedStepException">io.cucumber.testng.UndefinedStepException: 
The step 'User navigates to the application' and 2 other step(s) are undefined.
You can implement these steps using the snippet(s) below:

@Given("User navigates to the application")
public void user_navigates_to_the_application() {
    // Write code here that turns the phrase above into concrete actions
    throw new io.cucumber.java.PendingException();
}
@Then("Clicks on log out button")
public void clicks_on_log_out_button() {
    // Write code here that turns the phrase above into concrete actions
    throw new io.cucumber.java.PendingException();
}
@Then("Checks if there is sign in and sign up dropdown tab")
public void checks_if_there_is_sign_in_and_sign_up_dropdown_tab() {
    // Write code here that turns the phrase above into concrete actions
    throw new io.cucumber.java.PendingException();
}

</failure>
    <system-out><![CDATA[
@allAppFeatures @userPanelPageFeatures @businessPanelDisplayedCheck
Scenario Outline: log in private user and check if panel is displayed # src/test/resources/features/UserPanelPage.feature:94
  Given User navigates to the application
  When Logged in "private" user goes to user panel                    # com.bdd.steps.UserPanelPageSteps.logged_in_user_goes_to_user_panel(java.lang.String)
  Then Check if business panel isnt displaying                        # com.bdd.steps.UserPanelPageSteps.check_if_business_panel_isnt_displaying()
  And Clicks on log out button
  Then Checks if there is sign in and sign up dropdown tab
]]></system-out>
  </testcase>
</testsuite>