<?xml version="1.0" encoding="UTF-8"?>
<testng-results ignored="0" total="1" passed="1" failed="0" skipped="0">
  <reporter-output>
  </reporter-output>
  <suite started-at="2021-11-09T18:48:02 CET" name="Default suite" finished-at="2021-11-09T18:48:07 CET" duration-ms="4949">
    <groups>
      <group name="cucumber">
        <method signature="AbstractTestNGCucumberTests.runScenario(io.cucumber.testng.PickleWrapper,io.cucumber.testng.FeatureWrapper)[pri:0, instance:com.bdd.runner.TestRunner@47404bea]" name="runScenario" class="io.cucumber.testng.AbstractTestNGCucumberTests"/>
      </group> <!-- cucumber -->
    </groups>
    <test started-at="2021-11-09T18:48:02 CET" name="Default test" finished-at="2021-11-09T18:48:07 CET" duration-ms="4949">
      <class name="com.bdd.runner.TestRunner">
        <test-method is-config="true" signature="setUpClass(org.testng.ITestContext)[pri:0, instance:com.bdd.runner.TestRunner@47404bea]" started-at="2021-11-09T18:48:02 CET" name="setUpClass" finished-at="2021-11-09T18:48:02 CET" duration-ms="36" status="PASS">
          <params>
            <param index="0">
              <value>
                <![CDATA[org.testng.TestRunner@60d40ff4]]>
              </value>
            </param>
          </params>
          <reporter-output>
          </reporter-output>
        </test-method> <!-- setUpClass -->
        <test-method signature="runScenario(io.cucumber.testng.PickleWrapper,io.cucumber.testng.FeatureWrapper)[pri:0, instance:com.bdd.runner.TestRunner@47404bea]" started-at="2021-11-09T18:48:02 CET" name="runScenario" description="Runs Cucumber Scenarios" data-provider="scenarios" finished-at="2021-11-09T18:48:06 CET" duration-ms="4613" status="PASS">
          <params>
            <param index="0">
              <value>
                <![CDATA["find product apple"]]>
              </value>
            </param>
            <param index="1">
              <value>
                <![CDATA["Optional[Home Page features]"]]>
              </value>
            </param>
          </params>
          <reporter-output>
          </reporter-output>
        </test-method> <!-- runScenario -->
        <test-method is-config="true" signature="tearDownClass()[pri:0, instance:com.bdd.runner.TestRunner@47404bea]" started-at="2021-11-09T18:48:06 CET" name="tearDownClass" finished-at="2021-11-09T18:48:07 CET" duration-ms="241" status="PASS">
          <reporter-output>
          </reporter-output>
        </test-method> <!-- tearDownClass -->
      </class> <!-- com.bdd.runner.TestRunner -->
    </test> <!-- Default test -->
  </suite> <!-- Default suite -->
</testng-results>
