<?xml version="1.0" encoding="UTF-8"?>
<!-- Generated by org.testng.reporters.JUnitReportReporter -->
<testsuite hostname="LAPTOP-Q1P4S741" failures="0" tests="1" name="com.bdd.runner.TestRunner" time="3.987" errors="1" timestamp="2021-11-09T19:25:44 CET" skipped="0">
  <testcase classname="com.bdd.runner.TestRunner" name="runScenario" time="3.987">
    <error message="Cannot invoke &quot;org.openqa.selenium.support.ui.WebDriverWait.until(java.util.function.Function)&quot; because &quot;com.bdd.variables.GlobalVariables.gwait&quot; is null" type="java.lang.NullPointerException">
      <![CDATA[java.lang.NullPointerException: Cannot invoke "org.openqa.selenium.support.ui.WebDriverWait.until(java.util.function.Function)" because "com.bdd.variables.GlobalVariables.gwait" is null
at com.bdd.utils.ReusableFunctionalities.GetText(ReusableFunctionalities.java:25)
at com.bdd.steps.HomePageSteps.product_description_appears_on_the_page(HomePageSteps.java:28)
at ✽.Product description appears on the page(file:///C:/Users/Marian/Desktop/automatyzacja/java/project/TestCucumberJavaFarmMarket/src/test/resources/features/HomePage.feature:9)
]]>
    </error>
  </testcase> <!-- runScenario -->
  <system-out/>
</testsuite> <!-- com.bdd.runner.TestRunner -->
